TN:
SF:src/__tests__/helpers/fixtures.js
FN:7,(anonymous_0)
FN:9,resetFixtureIds
FN:12,makeStockRecord
FN:31,makeMeterReading
FN:50,makeMovementRecord
FN:71,makeSession
FNF:6
FNH:5
FNDA:13,(anonymous_0)
FNDA:27,resetFixtureIds
FNDA:6,makeStockRecord
FNDA:7,makeMeterReading
FNDA:0,makeMovementRecord
FNDA:18,makeSession
DA:6,4
DA:7,13
DA:9,27
DA:13,6
DA:32,7
DA:51,0
DA:72,18
DA:78,18
LF:8
LH:7
BRDA:12,0,0,6
BRDA:31,1,0,7
BRDA:50,2,0,0
BRDA:71,3,0,18
BRF:4
BRH:3
end_of_record
TN:
SF:src/__tests__/helpers/supabaseMock.js
FN:14,createMockSupabase
FN:18,(anonymous_1)
FN:22,getTable
FN:28,createQueryBuilder
FN:41,(anonymous_4)
FN:47,(anonymous_5)
FN:52,(anonymous_6)
FN:57,(anonymous_7)
FN:61,(anonymous_8)
FN:65,(anonymous_9)
FN:69,(anonymous_10)
FN:73,(anonymous_11)
FN:77,(anonymous_12)
FN:82,(anonymous_13)
FN:87,(anonymous_14)
FN:92,(anonymous_15)
FN:97,(anonymous_16)
FN:107,applyFilter
FN:108,(anonymous_18)
FN:109,(anonymous_19)
FN:110,(anonymous_20)
FN:113,(anonymous_21)
FN:115,(anonymous_22)
FN:118,(anonymous_23)
FN:119,(anonymous_24)
FN:119,(anonymous_25)
FN:128,executeQuery
FN:169,(anonymous_27)
FN:192,(anonymous_28)
FN:196,(anonymous_29)
FN:199,(anonymous_30)
FNF:31
FNH:23
FNDA:34,createMockSupabase
FNDA:57,(anonymous_1)
FNDA:97,getTable
FNDA:79,createQueryBuilder
FNDA:32,(anonymous_4)
FNDA:52,(anonymous_5)
FNDA:5,(anonymous_6)
FNDA:11,(anonymous_7)
FNDA:2,(anonymous_8)
FNDA:2,(anonymous_9)
FNDA:0,(anonymous_10)
FNDA:4,(anonymous_11)
FNDA:0,(anonymous_12)
FNDA:20,(anonymous_13)
FNDA:12,(anonymous_14)
FNDA:11,(anonymous_15)
FNDA:78,(anonymous_16)
FNDA:19,applyFilter
FNDA:18,(anonymous_18)
FNDA:8,(anonymous_19)
FNDA:8,(anonymous_20)
FNDA:0,(anonymous_21)
FNDA:7,(anonymous_22)
FNDA:0,(anonymous_23)
FNDA:0,(anonymous_24)
FNDA:0,(anonymous_25)
FNDA:78,executeQuery
FNDA:18,(anonymous_27)
FNDA:79,(anonymous_28)
FNDA:0,(anonymous_29)
FNDA:0,(anonymous_30)
DA:7,5
DA:16,34
DA:17,34
DA:18,67
DA:23,97
DA:24,97
DA:29,79
DA:30,79
DA:31,79
DA:32,79
DA:33,79
DA:34,79
DA:35,79
DA:36,79
DA:37,79
DA:38,79
DA:40,79
DA:43,32
DA:44,32
DA:45,32
DA:48,52
DA:49,52
DA:50,52
DA:53,5
DA:54,5
DA:55,5
DA:58,11
DA:59,11
DA:62,2
DA:63,2
DA:66,2
DA:67,2
DA:70,0
DA:71,0
DA:74,4
DA:75,4
DA:79,0
DA:80,0
DA:83,20
DA:84,20
DA:85,20
DA:88,12
DA:89,12
DA:90,12
DA:93,11
DA:94,11
DA:98,78
DA:99,78
DA:100,78
DA:102,0
DA:108,19
DA:109,8
DA:110,8
DA:111,4
DA:112,0
DA:113,0
DA:115,7
DA:116,0
DA:118,0
DA:119,0
DA:120,0
DA:121,0
DA:122,0
DA:125,0
DA:129,78
DA:131,78
DA:133,52
DA:134,52
DA:135,52
DA:136,52
DA:137,52
DA:139,52
DA:141,11
DA:142,11
DA:145,41
DA:148,26
DA:150,5
DA:151,5
DA:152,5
DA:155,5
DA:156,5
DA:158,5
DA:161,21
DA:162,21
DA:164,21
DA:165,14
DA:168,21
DA:169,16
DA:170,18
DA:171,18
DA:172,18
DA:176,21
DA:177,12
DA:179,21
DA:180,0
DA:182,21
DA:185,0
DA:188,79
DA:191,34
DA:193,79
DA:196,0
DA:199,0
DA:206,34
LF:103
LH:85
BRDA:14,0,0,34
BRDA:14,1,0,34
BRDA:23,2,0,0
BRDA:23,2,1,97
BRDA:43,3,0,21
BRDA:43,3,1,11
BRDA:44,4,0,32
BRDA:44,4,1,0
BRDA:74,5,0,4
BRDA:74,5,1,0
BRDA:102,6,0,0
BRDA:102,6,1,0
BRDA:108,7,0,11
BRDA:108,7,1,8
BRDA:109,8,0,2
BRDA:109,8,1,6
BRDA:110,9,0,2
BRDA:110,9,1,4
BRDA:111,10,0,0
BRDA:111,10,1,4
BRDA:112,11,0,0
BRDA:112,11,1,0
BRDA:113,12,0,0
BRDA:113,12,1,0
BRDA:115,13,0,4
BRDA:115,13,1,0
BRDA:115,14,0,7
BRDA:115,14,1,0
BRDA:116,15,0,0
BRDA:116,15,1,0
BRDA:121,16,0,0
BRDA:121,16,1,0
BRDA:122,17,0,0
BRDA:122,17,1,0
BRDA:131,18,0,52
BRDA:131,18,1,26
BRDA:134,19,0,2
BRDA:134,19,1,50
BRDA:134,20,0,52
BRDA:134,20,1,52
BRDA:135,21,0,9
BRDA:135,21,1,43
BRDA:135,22,0,52
BRDA:135,22,1,52
BRDA:136,23,0,18
BRDA:136,23,1,34
BRDA:136,24,0,52
BRDA:136,24,1,52
BRDA:139,25,0,11
BRDA:139,25,1,41
BRDA:139,26,0,52
BRDA:139,26,1,11
BRDA:148,27,0,5
BRDA:148,27,1,21
BRDA:161,28,0,21
BRDA:161,28,1,0
BRDA:168,29,0,16
BRDA:168,29,1,5
BRDA:170,30,0,18
BRDA:170,30,1,0
BRDA:171,31,0,18
BRDA:171,31,1,0
BRDA:172,32,0,2
BRDA:172,32,1,16
BRDA:172,33,0,0
BRDA:172,33,1,2
BRDA:172,34,0,2
BRDA:172,34,1,0
BRDA:172,35,0,10
BRDA:172,35,1,6
BRDA:172,36,0,6
BRDA:172,36,1,0
BRDA:176,37,0,12
BRDA:176,37,1,9
BRDA:176,38,0,21
BRDA:176,38,1,12
BRDA:179,39,0,0
BRDA:179,39,1,21
BRDA:180,40,0,0
BRDA:180,40,1,0
BRF:80
BRH:53
end_of_record
TN:
SF:src/__tests__/msw/handlers.js
FN:95,isSingle
FN:101,(anonymous_1)
FN:107,(anonymous_2)
FN:113,(anonymous_3)
FN:118,(anonymous_4)
FN:123,(anonymous_5)
FN:129,(anonymous_6)
FN:134,(anonymous_7)
FN:139,(anonymous_8)
FN:145,(anonymous_9)
FN:150,(anonymous_10)
FN:155,(anonymous_11)
FN:158,(anonymous_12)
FN:163,(anonymous_13)
FN:168,(anonymous_14)
FNF:15
FNH:3
FNDA:1,isSingle
FNDA:0,(anonymous_1)
FNDA:1,(anonymous_2)
FNDA:0,(anonymous_3)
FNDA:0,(anonymous_4)
FNDA:0,(anonymous_5)
FNDA:0,(anonymous_6)
FNDA:0,(anonymous_7)
FNDA:0,(anonymous_8)
FNDA:0,(anonymous_9)
FNDA:0,(anonymous_10)
FNDA:0,(anonymous_11)
FNDA:0,(anonymous_12)
FNDA:0,(anonymous_13)
FNDA:3,(anonymous_14)
DA:3,78
DA:7,78
DA:27,78
DA:35,78
DA:60,78
DA:78,78
DA:86,78
DA:96,1
DA:99,78
DA:102,0
DA:103,0
DA:108,1
DA:109,1
DA:114,0
DA:119,0
DA:124,0
DA:125,0
DA:130,0
DA:135,0
DA:140,0
DA:141,0
DA:146,0
DA:151,0
DA:156,0
DA:159,0
DA:164,0
DA:169,3
LF:27
LH:12
BRDA:96,0,0,1
BRDA:96,0,1,1
BRDA:102,1,0,0
BRDA:102,1,1,0
BRDA:108,2,0,0
BRDA:108,2,1,1
BRDA:124,3,0,0
BRDA:124,3,1,0
BRDA:140,4,0,0
BRDA:140,4,1,0
BRF:10
BRH:3
end_of_record
TN:
SF:src/__tests__/msw/server.js
FNF:0
FNH:0
DA:4,78
LF:1
LH:1
BRF:0
BRH:0
end_of_record
TN:
SF:src/admin/AdminTopTabs.jsx
FN:15,AdminTopTabs
FN:21,(anonymous_1)
FN:26,(anonymous_2)
FN:32,(anonymous_3)
FNF:4
FNH:2
FNDA:3,AdminTopTabs
FNDA:0,(anonymous_1)
FNDA:18,(anonymous_2)
FNDA:0,(anonymous_3)
DA:6,1
DA:16,3
DA:17,3
DA:18,3
DA:21,0
DA:27,18
DA:28,18
DA:32,0
LF:8
LH:6
BRDA:34,0,0,3
BRDA:34,0,1,15
BRF:2
BRH:2
end_of_record
TN:
SF:src/admin/components/AdminHubTilesGrid.jsx
FN:9,AdminHubTilesGrid
FN:13,(anonymous_1)
FN:15,(anonymous_2)
FN:16,(anonymous_3)
FN:22,(anonymous_4)
FN:28,(anonymous_5)
FNF:6
FNH:3
FNDA:1,AdminHubTilesGrid
FNDA:1,(anonymous_1)
FNDA:0,(anonymous_2)
FNDA:0,(anonymous_3)
FNDA:13,(anonymous_4)
FNDA:0,(anonymous_5)
DA:10,1
DA:11,1
DA:13,1
DA:14,1
DA:15,0
DA:16,0
DA:19,1
DA:23,13
DA:24,13
DA:28,0
LF:10
LH:7
BRDA:14,0,0,1
BRDA:14,0,1,0
BRDA:28,1,0,0
BRDA:28,1,1,0
BRDA:29,2,0,13
BRDA:29,2,1,8
BRDA:31,3,0,5
BRDA:31,3,1,8
BRDA:37,4,0,5
BRDA:37,4,1,8
BRDA:41,5,0,5
BRDA:41,5,1,8
BRDA:50,6,0,1
BRDA:50,6,1,0
BRF:14
BRH:10
end_of_record
TN:
SF:src/admin/lib/machineBoothCrud.js
FN:6,maxSuffix
FN:20,escapeRe
FN:24,(anonymous_2)
FN:27,nextMachineCode
FN:33,nextBoothCode
FN:39,nextBoothNumber
FNF:6
FNH:6
FNDA:7,maxSuffix
FNDA:14,escapeRe
FNDA:7,(anonymous_2)
FNDA:4,nextMachineCode
FNDA:3,nextBoothCode
FNDA:2,nextBoothNumber
DA:8,7
DA:9,7
DA:10,7
DA:11,11
DA:12,11
DA:13,8
DA:14,8
DA:17,7
DA:21,14
DA:24,7
DA:28,4
DA:29,4
DA:34,3
DA:35,3
DA:40,2
DA:41,2
DA:42,3
DA:43,3
DA:45,2
LF:19
LH:19
BRDA:10,0,0,7
BRDA:10,0,1,0
BRDA:11,1,0,11
BRDA:11,1,1,11
BRDA:12,2,0,8
BRDA:12,2,1,3
BRDA:14,3,0,8
BRDA:14,3,1,0
BRDA:41,4,0,2
BRDA:41,4,1,0
BRDA:43,5,0,2
BRDA:43,5,1,1
BRDA:43,6,0,3
BRDA:43,6,1,3
BRF:14
BRH:11
end_of_record
TN:
SF:src/admin/lib/pchImport.js
FN:29,parsePrizeIdSeq
FN:34,formatPrizeId
FN:57,toNum
FN:65,excelSerialToDate
FN:72,sheetMonthToNumber
FN:78,resolveYear
FN:84,ymd
FN:90,parseExpectedDate
FN:110,normalizeStore
FN:118,parseDistribution
FN:129,(anonymous_10)
FN:148,hashKey
FN:154,buildMatchKey
FN:157,buildRawImportId
FN:162,parseSheets
FN:183,(anonymous_15)
FN:218,explodeToRecords
FN:242,loadExistingPchOrders
FN:249,(anonymous_18)
FN:250,(anonymous_19)
FN:257,isArrived
FN:262,buildNotes
FN:273,reconcile
FN:280,(anonymous_23)
FN:310,lookupExistingPrizeMasterIds
FN:311,(anonymous_25)
FN:326,fetchMaxPrizeIdSeq
FN:341,tryUpdateOriginalCost
FN:361,ensurePrizeMaster
FN:397,buildInsertRow
FN:433,executePchImport
FN:435,(anonymous_31)
FN:436,(anonymous_32)
FN:437,(anonymous_33)
FN:459,(anonymous_34)
FN:496,previewPchImport
FN:500,(anonymous_36)
FN:500,(anonymous_37)
FN:509,(anonymous_38)
FN:510,(anonymous_39)
FNF:40
FNH:32
FNDA:12,parsePrizeIdSeq
FNDA:9,formatPrizeId
FNDA:1277,toNum
FNDA:32,excelSerialToDate
FNDA:32,sheetMonthToNumber
FNDA:32,resolveYear
FNDA:238,ymd
FNDA:255,parseExpectedDate
FNDA:420,normalizeStore
FNDA:157,parseDistribution
FNDA:364,(anonymous_10)
FNDA:407,hashKey
FNDA:407,buildMatchKey
FNDA:407,buildRawImportId
FNDA:8,parseSheets
FNDA:2304,(anonymous_15)
FNDA:6,explodeToRecords
FNDA:2,loadExistingPchOrders
FNDA:8,(anonymous_18)
FNDA:0,(anonymous_19)
FNDA:4,isArrived
FNDA:1,buildNotes
FNDA:8,reconcile
FNDA:3,(anonymous_23)
FNDA:5,lookupExistingPrizeMasterIds
FNDA:169,(anonymous_25)
FNDA:0,fetchMaxPrizeIdSeq
FNDA:6,tryUpdateOriginalCost
FNDA:9,ensurePrizeMaster
FNDA:0,buildInsertRow
FNDA:0,executePchImport
FNDA:0,(anonymous_31)
FNDA:0,(anonymous_32)
FNDA:0,(anonymous_33)
FNDA:0,(anonymous_34)
FNDA:2,previewPchImport
FNDA:62,(anonymous_36)
FNDA:62,(anonymous_37)
FNDA:164,(anonymous_38)
FNDA:162,(anonymous_39)
DA:16,2
DA:17,2
DA:18,2
DA:21,2
DA:22,2
DA:23,2
DA:24,2
DA:25,2
DA:26,2
DA:30,12
DA:31,12
DA:35,9
DA:39,2
DA:50,2
DA:51,2
DA:52,2
DA:58,1277
DA:59,1267
DA:60,2
DA:61,2
DA:66,32
DA:67,32
DA:68,32
DA:73,32
DA:74,32
DA:79,32
DA:80,32
DA:81,32
DA:85,238
DA:86,238
DA:91,255
DA:92,246
DA:93,246
DA:94,246
DA:95,180
DA:96,180
DA:97,171
DA:98,171
DA:100,9
DA:101,9
DA:102,0
DA:103,0
DA:105,9
DA:106,9
DA:107,8
DA:111,420
DA:112,420
DA:113,420
DA:119,157
DA:120,157
DA:121,0
DA:123,157
DA:124,2
DA:127,155
DA:128,155
DA:129,104
DA:130,364
DA:131,364
DA:132,364
DA:140,51
DA:141,51
DA:142,51
DA:144,0
DA:149,407
DA:150,12702
DA:151,407
DA:155,407
DA:158,407
DA:163,8
DA:164,8
DA:165,8
DA:167,8
DA:168,8
DA:169,8
DA:170,32
DA:171,32
DA:172,32
DA:173,32
DA:174,32
DA:175,32
DA:176,32
DA:178,32
DA:179,320
DA:180,320
DA:181,320
DA:182,256
DA:183,2304
DA:184,256
DA:186,248
DA:187,248
DA:188,248
DA:189,248
DA:190,248
DA:191,248
DA:192,248
DA:193,320
DA:195,320
DA:196,320
DA:197,320
DA:200,320
DA:214,8
DA:219,6
DA:220,6
DA:221,6
DA:222,157
DA:223,5
DA:224,5
DA:226,152
DA:227,152
DA:228,407
DA:229,407
DA:230,407
DA:231,407
DA:232,407
DA:233,407
DA:234,407
DA:235,407
DA:238,6
DA:243,2
DA:247,2
DA:249,8
DA:250,2
DA:251,0
DA:252,0
DA:253,0
DA:258,4
DA:263,1
DA:264,1
DA:265,1
DA:266,1
DA:267,1
DA:268,1
DA:274,8
DA:275,8
DA:277,8
DA:278,168
DA:279,166
DA:280,166
DA:281,168
DA:283,3
DA:286,168
DA:287,2
DA:288,1
DA:292,8
DA:293,5
DA:294,2
DA:295,2
DA:296,1
DA:299,8
DA:300,8
DA:301,170
DA:302,170
DA:304,8
DA:311,169
DA:312,5
DA:313,4
DA:317,4
DA:318,4
DA:319,4
DA:320,2
DA:322,4
DA:327,0
DA:333,0
DA:334,0
DA:335,0
DA:342,6
DA:343,4
DA:344,4
DA:348,4
DA:350,0
DA:362,9
DA:363,8
DA:364,3
DA:365,3
DA:366,3
DA:368,5
DA:373,5
DA:374,5
DA:375,3
DA:376,3
DA:377,3
DA:379,2
DA:380,2
DA:381,2
DA:392,2
DA:393,2
DA:394,2
DA:398,0
DA:399,0
DA:434,0
DA:435,0
DA:436,0
DA:437,0
DA:438,0
DA:442,0
DA:443,0
DA:444,0
DA:446,0
DA:447,0
DA:448,0
DA:449,0
DA:450,0
DA:451,0
DA:452,0
DA:453,0
DA:456,0
DA:459,0
DA:461,0
DA:462,0
DA:463,0
DA:464,0
DA:466,0
DA:467,0
DA:473,0
DA:475,0
DA:476,0
DA:479,0
DA:482,0
DA:489,0
DA:491,0
DA:497,2
DA:498,2
DA:499,2
DA:500,62
DA:501,2
DA:502,2
DA:508,2
DA:509,164
DA:510,162
DA:511,2
DA:512,2
DA:513,2
DA:514,2
DA:515,164
DA:516,162
DA:517,162
DA:518,162
DA:520,2
DA:522,2
LF:239
LH:194
BRDA:30,0,0,12
BRDA:30,0,1,2
BRDA:31,1,0,7
BRDA:31,1,1,5
BRDA:58,2,0,10
BRDA:58,2,1,1267
BRDA:58,3,0,1277
BRDA:58,3,1,1268
BRDA:58,3,2,1268
BRDA:59,4,0,1265
BRDA:59,4,1,2
BRDA:59,5,0,1265
BRDA:59,5,1,0
BRDA:61,6,0,1
BRDA:61,6,1,1
BRDA:67,7,0,0
BRDA:67,7,1,32
BRDA:73,8,0,32
BRDA:73,8,1,0
BRDA:74,9,0,32
BRDA:74,9,1,0
BRDA:79,10,0,0
BRDA:79,10,1,32
BRDA:79,11,0,32
BRDA:79,11,1,32
BRDA:80,12,0,0
BRDA:80,12,1,32
BRDA:80,13,0,32
BRDA:80,13,1,32
BRDA:85,14,0,0
BRDA:85,14,1,238
BRDA:85,15,0,238
BRDA:85,15,1,238
BRDA:85,15,2,238
BRDA:91,16,0,9
BRDA:91,16,1,246
BRDA:94,17,0,66
BRDA:94,17,1,180
BRDA:96,18,0,171
BRDA:96,18,1,9
BRDA:97,19,0,25
BRDA:97,19,1,146
BRDA:97,20,0,41
BRDA:97,20,1,105
BRDA:101,21,0,0
BRDA:101,21,1,9
BRDA:101,22,0,9
BRDA:101,22,1,0
BRDA:102,23,0,0
BRDA:102,23,1,0
BRDA:102,24,0,0
BRDA:102,24,1,0
BRDA:106,25,0,1
BRDA:106,25,1,8
BRDA:111,26,0,0
BRDA:111,26,1,420
BRDA:113,27,0,420
BRDA:113,27,1,1
BRDA:119,28,0,0
BRDA:119,28,1,157
BRDA:120,29,0,0
BRDA:120,29,1,157
BRDA:123,30,0,2
BRDA:123,30,1,155
BRDA:128,31,0,104
BRDA:128,31,1,51
BRDA:131,32,0,364
BRDA:131,32,1,364
BRDA:133,33,0,364
BRDA:133,33,1,0
BRDA:141,34,0,51
BRDA:141,34,1,0
BRDA:141,35,0,51
BRDA:141,35,1,51
BRDA:155,36,0,407
BRDA:155,36,1,0
BRDA:155,37,0,407
BRDA:155,37,1,0
BRDA:165,38,0,0
BRDA:165,38,1,8
BRDA:174,39,0,32
BRDA:174,39,1,0
BRDA:175,40,0,32
BRDA:175,40,1,0
BRDA:179,41,0,320
BRDA:179,41,1,0
BRDA:180,42,0,64
BRDA:180,42,1,256
BRDA:181,43,0,64
BRDA:181,43,1,256
BRDA:182,44,0,0
BRDA:182,44,1,256
BRDA:183,45,0,2304
BRDA:183,45,1,2216
BRDA:184,46,0,8
BRDA:184,46,1,248
BRDA:192,47,0,8
BRDA:192,47,1,240
BRDA:192,48,0,240
BRDA:192,48,1,0
BRDA:193,49,0,8
BRDA:193,49,1,240
BRDA:193,50,0,240
BRDA:193,50,1,0
BRDA:196,51,0,320
BRDA:196,51,1,240
BRDA:196,51,2,240
BRDA:197,52,0,320
BRDA:197,52,1,240
BRDA:197,52,2,240
BRDA:197,52,3,240
BRDA:197,52,4,240
BRDA:206,53,0,248
BRDA:206,53,1,0
BRDA:206,54,0,248
BRDA:206,54,1,0
BRDA:206,55,0,0
BRDA:206,55,1,0
BRDA:206,56,0,0
BRDA:206,56,1,0
BRDA:222,57,0,5
BRDA:222,57,1,152
BRDA:230,58,0,407
BRDA:230,58,1,406
BRDA:247,59,0,0
BRDA:247,59,1,2
BRDA:249,60,0,2
BRDA:249,60,1,0
BRDA:250,61,0,2
BRDA:250,61,1,0
BRDA:251,62,0,0
BRDA:251,62,1,0
BRDA:253,63,0,0
BRDA:253,63,1,0
BRDA:258,64,0,4
BRDA:258,64,1,2
BRDA:258,64,2,2
BRDA:264,65,0,1
BRDA:264,65,1,0
BRDA:265,66,0,0
BRDA:265,66,1,1
BRDA:266,67,0,0
BRDA:266,67,1,1
BRDA:267,68,0,0
BRDA:267,68,1,1
BRDA:278,69,0,2
BRDA:278,69,1,166
BRDA:280,70,0,166
BRDA:280,70,1,0
BRDA:281,71,0,163
BRDA:281,71,1,5
BRDA:283,72,0,3
BRDA:283,72,1,1
BRDA:283,72,2,1
BRDA:285,73,0,1
BRDA:285,73,1,0
BRDA:286,74,0,1
BRDA:286,74,1,167
BRDA:287,75,0,1
BRDA:287,75,1,1
BRDA:292,76,0,8
BRDA:292,76,1,0
BRDA:293,77,0,3
BRDA:293,77,1,2
BRDA:294,78,0,0
BRDA:294,78,1,2
BRDA:295,79,0,1
BRDA:295,79,1,1
BRDA:295,80,0,1
BRDA:295,80,1,1
BRDA:296,81,0,1
BRDA:296,81,1,0
BRDA:301,82,0,170
BRDA:301,82,1,0
BRDA:302,83,0,0
BRDA:302,83,1,170
BRDA:311,84,0,5
BRDA:311,84,1,0
BRDA:311,85,0,169
BRDA:311,85,1,169
BRDA:312,86,0,1
BRDA:312,86,1,4
BRDA:317,87,0,0
BRDA:317,87,1,4
BRDA:319,88,0,4
BRDA:319,88,1,0
BRDA:320,89,0,2
BRDA:320,89,1,0
BRDA:333,90,0,0
BRDA:333,90,1,0
BRDA:334,91,0,0
BRDA:334,91,1,0
BRDA:335,92,0,0
BRDA:335,92,1,0
BRDA:335,93,0,0
BRDA:335,93,1,0
BRDA:342,94,0,2
BRDA:342,94,1,4
BRDA:348,95,0,1
BRDA:348,95,1,3
BRDA:350,96,0,0
BRDA:350,96,1,0
BRDA:362,97,0,1
BRDA:362,97,1,8
BRDA:363,98,0,3
BRDA:363,98,1,5
BRDA:373,99,0,0
BRDA:373,99,1,5
BRDA:374,100,0,3
BRDA:374,100,1,2
BRDA:387,101,0,2
BRDA:387,101,1,0
BRDA:392,102,0,0
BRDA:392,102,1,2
BRDA:398,103,0,0
BRDA:398,103,1,0
BRDA:403,104,0,0
BRDA:403,104,1,0
BRDA:414,105,0,0
BRDA:414,105,1,0
BRDA:414,106,0,0
BRDA:414,106,1,0
BRDA:415,107,0,0
BRDA:415,107,1,0
BRDA:418,108,0,0
BRDA:418,108,1,0
BRDA:421,109,0,0
BRDA:421,109,1,0
BRDA:423,110,0,0
BRDA:423,110,1,0
BRDA:424,111,0,0
BRDA:424,111,1,0
BRDA:428,112,0,0
BRDA:428,112,1,0
BRDA:433,113,0,0
BRDA:434,114,0,0
BRDA:434,114,1,0
BRDA:444,115,0,0
BRDA:444,115,1,0
BRDA:444,116,0,0
BRDA:444,116,1,0
BRDA:453,117,0,0
BRDA:453,117,1,0
BRDA:456,118,0,0
BRDA:456,118,1,0
BRDA:462,119,0,0
BRDA:462,119,1,0
BRDA:464,120,0,0
BRDA:464,120,1,0
BRDA:471,121,0,0
BRDA:471,121,1,0
BRDA:473,122,0,0
BRDA:473,122,1,0
BRDA:477,123,0,0
BRDA:477,123,1,0
BRDA:479,124,0,0
BRDA:479,124,1,0
BRDA:485,125,0,0
BRDA:485,125,1,0
BRDA:491,126,0,0
BRDA:491,126,1,0
BRDA:509,127,0,164
BRDA:509,127,1,162
BRDA:515,128,0,2
BRDA:515,128,1,162
BRDA:517,129,0,0
BRDA:517,129,1,162
BRF:267
BRH:151
end_of_record
TN:
SF:src/admin/pages/AdminMastersHubPage.jsx
FN:22,AdminMastersHubPage
FNF:1
FNH:1
FNDA:1,AdminMastersHubPage
DA:6,1
DA:23,1
LF:2
LH:2
BRF:0
BRH:0
end_of_record
TN:
SF:src/clawsupport/components/AnomalyBanner.jsx
FN:12,AnomalyBanner
FN:14,(anonymous_1)
FN:20,(anonymous_2)
FNF:3
FNH:3
FNDA:17,AnomalyBanner
FNDA:102,(anonymous_1)
FNDA:6,(anonymous_2)
DA:3,1
DA:13,17
DA:14,102
DA:15,17
DA:16,6
DA:21,6
LF:6
LH:6
BRDA:15,0,0,11
BRDA:15,0,1,6
BRF:2
BRH:2
end_of_record
TN:
SF:src/clawsupport/components/BoothHistoryTable.jsx
FN:4,fmtDate
FN:10,fmtNum
FN:22,computeRevenues
FN:24,(anonymous_3)
FN:25,(anonymous_4)
FN:32,(anonymous_5)
FN:41,BoothHistoryTable
FN:45,(anonymous_7)
FN:48,(anonymous_8)
FN:54,(anonymous_9)
FN:81,(anonymous_10)
FNF:11
FNH:11
FNDA:10,fmtDate
FNDA:20,fmtNum
FNDA:12,computeRevenues
FNDA:10,(anonymous_3)
FNDA:4,(anonymous_4)
FNDA:9,(anonymous_5)
FNDA:12,BoothHistoryTable
FNDA:6,(anonymous_7)
FNDA:6,(anonymous_8)
FNDA:12,(anonymous_9)
FNDA:10,(anonymous_10)
DA:5,10
DA:6,10
DA:7,10
DA:11,20
DA:14,1
DA:19,1
DA:20,1
DA:23,12
DA:24,10
DA:26,4
DA:27,4
DA:28,4
DA:29,0
DA:31,12
DA:32,12
DA:33,9
DA:34,4
DA:35,4
DA:36,4
DA:38,12
DA:42,12
DA:43,12
DA:45,12
DA:46,6
DA:47,6
DA:48,6
DA:49,6
DA:50,6
DA:54,12
DA:56,12
DA:61,6
DA:63,5
DA:82,10
DA:83,10
DA:84,10
DA:85,10
DA:86,10
LF:37
LH:36
BRDA:5,0,0,10
BRDA:5,0,1,0
BRDA:6,1,0,0
BRDA:6,1,1,10
BRDA:11,2,0,20
BRDA:11,2,1,0
BRDA:24,3,0,10
BRDA:24,3,1,9
BRDA:26,4,0,4
BRDA:26,4,1,0
BRDA:27,5,0,4
BRDA:27,5,1,0
BRDA:28,6,0,4
BRDA:28,6,1,0
BRDA:33,7,0,5
BRDA:33,7,1,4
BRDA:36,8,0,3
BRDA:36,8,1,1
BRDA:36,9,0,3
BRDA:36,9,1,1
BRDA:46,10,0,0
BRDA:46,10,1,6
BRDA:56,11,0,6
BRDA:56,11,1,6
BRDA:61,12,0,1
BRDA:61,12,1,5
BRDA:85,13,0,1
BRDA:85,13,1,9
BRDA:88,14,0,0
BRDA:88,14,1,10
BRDA:91,15,0,10
BRDA:91,15,1,1
BRDA:99,16,0,0
BRDA:99,16,1,10
BRDA:100,17,0,0
BRDA:100,17,1,10
BRDA:101,18,0,3
BRDA:101,18,1,7
BRDA:101,19,0,3
BRDA:101,19,1,7
BRDA:102,20,0,3
BRDA:102,20,1,7
BRF:42
BRH:32
end_of_record
TN:
SF:src/clawsupport/components/GachaCheckBar.jsx
FN:2,GachaCheckBar
FN:3,(anonymous_1)
FN:7,(anonymous_2)
FN:18,(anonymous_3)
FNF:4
FNH:4
FNDA:15,GachaCheckBar
FNDA:18,(anonymous_1)
FNDA:18,(anonymous_2)
FNDA:15,(anonymous_3)
DA:3,18
DA:4,15
DA:5,15
DA:7,15
DA:8,18
DA:9,18
DA:10,18
DA:13,15
DA:14,15
DA:15,15
DA:16,15
DA:18,15
DA:20,15
LF:13
LH:13
BRDA:2,0,0,15
BRDA:3,1,0,18
BRDA:3,1,1,18
BRDA:4,2,0,15
BRDA:4,2,1,0
BRDA:5,3,0,0
BRDA:5,3,1,15
BRDA:8,4,0,18
BRDA:8,4,1,18
BRDA:9,5,0,18
BRDA:9,5,1,0
BRDA:10,6,0,0
BRDA:10,6,1,18
BRDA:10,7,0,18
BRDA:10,7,1,0
BRDA:13,8,0,0
BRDA:13,8,1,15
BRDA:14,9,0,0
BRDA:14,9,1,15
BRDA:15,10,0,0
BRDA:15,10,1,15
BRDA:16,11,0,0
BRDA:16,11,1,15
BRDA:18,12,0,0
BRDA:18,12,1,15
BRDA:18,13,0,0
BRDA:18,13,1,0
BRDA:34,14,0,0
BRDA:34,14,1,15
BRF:29
BRH:16
end_of_record
TN:
SF:src/clawsupport/components/GachaInputV3.jsx
FN:35,(anonymous_0)
FN:36,(anonymous_1)
FN:40,(anonymous_2)
FN:43,GachaInputV3
FN:80,(anonymous_4)
FN:82,(anonymous_5)
FN:85,(anonymous_6)
FN:87,(anonymous_7)
FN:108,(anonymous_8)
FN:116,openNumpad
FN:117,closeNumpad
FN:119,numpadKey
FN:121,(anonymous_12)
FN:129,(anonymous_13)
FN:133,confirmNumpad
FN:143,(anonymous_15)
FN:146,selectPrize
FN:170,openLockerModal
FN:174,closeLockerModal
FN:176,(anonymous_19)
FN:180,handleLockerAction
FN:195,confirmLockerPrize
FN:211,MeterCol
FN:221,(anonymous_23)
FN:312,(anonymous_24)
FN:324,(anonymous_25)
FN:343,(anonymous_26)
FN:344,(anonymous_27)
FN:345,(anonymous_28)
FN:346,(anonymous_29)
FN:358,(anonymous_30)
FN:359,(anonymous_31)
FN:360,(anonymous_32)
FN:361,(anonymous_33)
FN:373,(anonymous_34)
FN:382,(anonymous_35)
FN:396,(anonymous_36)
FN:401,(anonymous_37)
FN:425,(anonymous_38)
FN:481,(anonymous_39)
FN:483,(anonymous_40)
FN:501,(anonymous_41)
FN:504,(anonymous_42)
FN:539,(anonymous_43)
FN:554,(anonymous_44)
FN:567,(anonymous_45)
FN:577,(anonymous_46)
FN:581,(anonymous_47)
FN:601,(anonymous_48)
FN:612,(anonymous_49)
FN:617,(anonymous_50)
FN:622,(anonymous_51)
FN:625,(anonymous_52)
FN:638,(anonymous_53)
FN:673,(anonymous_54)
FN:676,(anonymous_55)
FN:679,(anonymous_56)
FN:682,(anonymous_57)
FN:697,(anonymous_58)
FN:702,(anonymous_59)
FN:703,(anonymous_60)
FN:713,(anonymous_61)
FN:715,(anonymous_62)
FN:719,(anonymous_63)
FN:742,PrizeCard
FN:757,(anonymous_65)
FN:758,(anonymous_66)
FNF:67
FNH:16
FNDA:0,(anonymous_0)
FNDA:0,(anonymous_1)
FNDA:33,(anonymous_2)
FNDA:15,GachaInputV3
FNDA:11,(anonymous_4)
FNDA:0,(anonymous_5)
FNDA:6,(anonymous_6)
FNDA:0,(anonymous_7)
FNDA:15,(anonymous_8)
FNDA:0,openNumpad
FNDA:0,closeNumpad
FNDA:0,numpadKey
FNDA:0,(anonymous_12)
FNDA:0,(anonymous_13)
FNDA:0,confirmNumpad
FNDA:10,(anonymous_15)
FNDA:0,selectPrize
FNDA:0,openLockerModal
FNDA:0,closeLockerModal
FNDA:10,(anonymous_19)
FNDA:0,handleLockerAction
FNDA:0,confirmLockerPrize
FNDA:33,MeterCol
FNDA:0,(anonymous_23)
FNDA:33,(anonymous_24)
FNDA:18,(anonymous_25)
FNDA:3,(anonymous_26)
FNDA:0,(anonymous_27)
FNDA:0,(anonymous_28)
FNDA:0,(anonymous_29)
FNDA:1,(anonymous_30)
FNDA:0,(anonymous_31)
FNDA:0,(anonymous_32)
FNDA:0,(anonymous_33)
FNDA:0,(anonymous_34)
FNDA:0,(anonymous_35)
FNDA:0,(anonymous_36)
FNDA:0,(anonymous_37)
FNDA:0,(anonymous_38)
FNDA:0,(anonymous_39)
FNDA:0,(anonymous_40)
FNDA:0,(anonymous_41)
FNDA:0,(anonymous_42)
FNDA:0,(anonymous_43)
FNDA:1,(anonymous_44)
FNDA:0,(anonymous_45)
FNDA:8,(anonymous_46)
FNDA:0,(anonymous_47)
FNDA:0,(anonymous_48)
FNDA:0,(anonymous_49)
FNDA:0,(anonymous_50)
FNDA:0,(anonymous_51)
FNDA:0,(anonymous_52)
FNDA:0,(anonymous_53)
FNDA:0,(anonymous_54)
FNDA:0,(anonymous_55)
FNDA:0,(anonymous_56)
FNDA:0,(anonymous_57)
FNDA:0,(anonymous_58)
FNDA:0,(anonymous_59)
FNDA:0,(anonymous_60)
FNDA:0,(anonymous_61)
FNDA:0,(anonymous_62)
FNDA:0,(anonymous_63)
FNDA:18,PrizeCard
FNDA:2,(anonymous_65)
FNDA:0,(anonymous_66)
DA:11,1
DA:35,1
DA:36,1
DA:37,0
DA:38,0
DA:40,33
DA:61,15
DA:62,15
DA:63,15
DA:64,15
DA:65,15
DA:66,15
DA:67,15
DA:68,15
DA:69,15
DA:70,15
DA:71,15
DA:72,15
DA:73,15
DA:74,15
DA:75,15
DA:76,15
DA:77,15
DA:80,15
DA:81,11
DA:82,4
DA:85,15
DA:86,6
DA:87,0
DA:91,15
DA:96,15
DA:101,15
DA:102,15
DA:105,15
DA:106,15
DA:108,15
DA:109,15
DA:110,0
DA:112,15
DA:116,0
DA:117,0
DA:120,0
DA:121,0
DA:122,0
DA:123,0
DA:124,0
DA:125,0
DA:126,0
DA:128,0
DA:129,0
DA:134,0
DA:135,0
DA:136,0
DA:137,0
DA:139,0
DA:143,15
DA:144,10
DA:147,0
DA:149,0
DA:150,0
DA:151,0
DA:152,0
DA:154,0
DA:155,0
DA:156,0
DA:158,0
DA:159,0
DA:160,0
DA:161,0
DA:163,0
DA:166,0
DA:171,0
DA:172,0
DA:174,0
DA:176,15
DA:177,10
DA:181,0
DA:182,0
DA:183,0
DA:184,0
DA:185,0
DA:186,0
DA:187,0
DA:189,0
DA:191,0
DA:192,0
DA:196,0
DA:197,0
DA:198,0
DA:199,0
DA:200,0
DA:201,0
DA:202,0
DA:203,0
DA:204,0
DA:207,15
DA:208,15
DA:212,33
DA:213,33
DA:214,33
DA:215,33
DA:216,33
DA:217,33
DA:219,33
DA:221,0
DA:278,15
DA:312,33
DA:324,18
DA:343,3
DA:344,0
DA:345,0
DA:346,0
DA:358,1
DA:359,0
DA:360,0
DA:361,0
DA:373,0
DA:383,0
DA:384,0
DA:385,0
DA:386,0
DA:387,0
DA:397,0
DA:398,0
DA:401,0
DA:426,0
DA:481,0
DA:484,0
DA:502,0
DA:504,0
DA:539,0
DA:554,1
DA:567,0
DA:578,8
DA:581,0
DA:601,0
DA:612,0
DA:617,0
DA:622,0
DA:626,0
DA:627,0
DA:628,0
DA:629,0
DA:636,0
DA:637,0
DA:638,0
DA:639,0
DA:640,0
DA:673,0
DA:676,0
DA:679,0
DA:682,0
DA:697,0
DA:703,0
DA:713,0
DA:715,0
DA:719,0
DA:743,18
DA:757,2
DA:758,0
LF:160
LH:57
BRDA:35,0,0,0
BRDA:35,0,1,0
BRDA:37,1,0,0
BRDA:37,1,1,0
BRDA:37,2,0,0
BRDA:37,2,1,0
BRDA:38,3,0,0
BRDA:38,3,1,0
BRDA:40,4,0,33
BRDA:40,4,1,0
BRDA:40,5,0,0
BRDA:40,5,1,0
BRDA:40,6,0,0
BRDA:40,6,1,0
BRDA:49,7,0,15
BRDA:81,8,0,7
BRDA:81,8,1,4
BRDA:86,9,0,6
BRDA:86,9,1,0
BRDA:86,10,0,6
BRDA:86,10,1,6
BRDA:94,11,0,15
BRDA:94,11,1,3
BRDA:97,12,0,0
BRDA:97,12,1,15
BRDA:97,13,0,15
BRDA:97,13,1,0
BRDA:97,14,0,15
BRDA:97,14,1,15
BRDA:98,15,0,0
BRDA:98,15,1,15
BRDA:98,16,0,15
BRDA:98,16,1,0
BRDA:98,17,0,15
BRDA:98,17,1,15
BRDA:99,18,0,0
BRDA:99,18,1,15
BRDA:99,19,0,15
BRDA:99,19,1,0
BRDA:99,20,0,15
BRDA:99,20,1,15
BRDA:101,21,0,15
BRDA:101,21,1,15
BRDA:101,22,0,15
BRDA:101,22,1,15
BRDA:101,23,0,15
BRDA:101,23,1,15
BRDA:102,24,0,15
BRDA:102,24,1,15
BRDA:102,25,0,15
BRDA:102,25,1,15
BRDA:102,26,0,15
BRDA:102,26,1,15
BRDA:105,27,0,0
BRDA:105,27,1,15
BRDA:106,28,0,0
BRDA:106,28,1,15
BRDA:106,29,0,15
BRDA:106,29,1,0
BRDA:109,30,0,15
BRDA:109,30,1,0
BRDA:109,31,0,15
BRDA:109,31,1,0
BRDA:110,32,0,0
BRDA:110,32,1,0
BRDA:110,33,0,0
BRDA:110,33,1,0
BRDA:111,34,0,0
BRDA:111,34,1,0
BRDA:111,35,0,0
BRDA:111,35,1,0
BRDA:120,36,0,0
BRDA:120,36,1,0
BRDA:122,37,0,0
BRDA:122,37,1,0
BRDA:123,38,0,0
BRDA:123,38,1,0
BRDA:123,39,0,0
BRDA:123,39,1,0
BRDA:124,40,0,0
BRDA:124,40,1,0
BRDA:128,41,0,0
BRDA:128,41,1,0
BRDA:134,42,0,0
BRDA:134,42,1,0
BRDA:135,43,0,0
BRDA:135,43,1,0
BRDA:135,44,0,0
BRDA:135,44,1,0
BRDA:136,45,0,0
BRDA:136,45,1,0
BRDA:144,46,0,10
BRDA:144,46,1,0
BRDA:150,47,0,0
BRDA:150,47,1,0
BRDA:151,48,0,0
BRDA:151,48,1,0
BRDA:151,49,0,0
BRDA:151,49,1,0
BRDA:154,50,0,0
BRDA:154,50,1,0
BRDA:154,51,0,0
BRDA:154,51,1,0
BRDA:154,51,2,0
BRDA:157,52,0,0
BRDA:157,52,1,0
BRDA:159,53,0,0
BRDA:159,53,1,0
BRDA:177,54,0,10
BRDA:177,54,1,0
BRDA:184,55,0,0
BRDA:184,55,1,0
BRDA:186,56,0,0
BRDA:186,56,1,0
BRDA:199,57,0,0
BRDA:199,57,1,0
BRDA:200,58,0,0
BRDA:200,58,1,0
BRDA:208,59,0,3
BRDA:208,59,1,12
BRDA:217,60,0,15
BRDA:217,60,1,18
BRDA:217,61,0,15
BRDA:217,61,1,0
BRDA:218,62,0,3
BRDA:218,62,1,15
BRDA:218,63,0,3
BRDA:218,63,1,0
BRDA:224,64,0,0
BRDA:224,64,1,33
BRDA:226,65,0,0
BRDA:226,65,1,33
BRDA:228,66,0,0
BRDA:228,66,1,33
BRDA:235,67,0,33
BRDA:235,67,1,18
BRDA:235,67,2,18
BRDA:238,68,0,33
BRDA:238,68,1,15
BRDA:245,69,0,0
BRDA:245,69,1,33
BRDA:253,70,0,0
BRDA:253,70,1,33
BRDA:255,71,0,0
BRDA:255,71,1,33
BRDA:262,72,0,0
BRDA:262,72,1,33
BRDA:264,73,0,15
BRDA:264,73,1,18
BRDA:266,74,0,0
BRDA:266,74,1,15
BRDA:266,75,0,15
BRDA:266,75,1,0
BRDA:270,76,0,0
BRDA:270,76,1,18
BRDA:270,77,0,18
BRDA:270,77,1,0
BRDA:270,77,2,0
BRDA:292,78,0,3
BRDA:292,78,1,12
BRDA:294,79,0,15
BRDA:294,79,1,0
BRDA:323,80,0,15
BRDA:323,80,1,15
BRDA:331,81,0,3
BRDA:331,81,1,12
BRDA:339,82,0,15
BRDA:339,82,1,0
BRDA:340,83,0,15
BRDA:340,83,1,0
BRDA:341,84,0,15
BRDA:341,84,1,0
BRDA:342,85,0,0
BRDA:342,85,1,15
BRDA:342,86,0,15
BRDA:342,86,1,15
BRDA:349,87,0,15
BRDA:349,87,1,3
BRDA:354,88,0,3
BRDA:354,88,1,0
BRDA:355,89,0,3
BRDA:355,89,1,0
BRDA:356,90,0,3
BRDA:356,90,1,0
BRDA:357,91,0,0
BRDA:357,91,1,3
BRDA:357,92,0,3
BRDA:357,92,1,3
BRDA:367,93,0,15
BRDA:367,93,1,0
BRDA:373,94,0,0
BRDA:373,94,1,0
BRDA:373,95,0,0
BRDA:373,95,1,0
BRDA:375,96,0,0
BRDA:375,96,1,0
BRDA:378,97,0,0
BRDA:378,97,1,0
BRDA:383,98,0,0
BRDA:383,98,1,0
BRDA:384,99,0,0
BRDA:384,99,1,0
BRDA:384,100,0,0
BRDA:384,100,1,0
BRDA:385,101,0,0
BRDA:385,101,1,0
BRDA:404,102,0,0
BRDA:404,102,1,0
BRDA:405,103,0,0
BRDA:405,103,1,0
BRDA:409,104,0,0
BRDA:409,104,1,0
BRDA:414,105,0,0
BRDA:414,105,1,0
BRDA:414,106,0,0
BRDA:414,106,1,0
BRDA:437,107,0,15
BRDA:437,107,1,0
BRDA:463,108,0,0
BRDA:463,108,1,0
BRDA:465,109,0,0
BRDA:465,109,1,0
BRDA:470,110,0,0
BRDA:470,110,1,0
BRDA:486,111,0,0
BRDA:486,111,1,0
BRDA:490,112,0,0
BRDA:490,112,1,0
BRDA:490,113,0,0
BRDA:490,113,1,0
BRDA:492,114,0,0
BRDA:492,114,1,0
BRDA:507,115,0,0
BRDA:507,115,1,0
BRDA:507,116,0,0
BRDA:507,116,1,0
BRDA:508,117,0,0
BRDA:508,117,1,0
BRDA:508,118,0,0
BRDA:508,118,1,0
BRDA:509,119,0,0
BRDA:509,119,1,0
BRDA:509,120,0,0
BRDA:509,120,1,0
BRDA:510,121,0,0
BRDA:510,121,1,0
BRDA:514,122,0,0
BRDA:514,122,1,0
BRDA:514,123,0,0
BRDA:514,123,1,0
BRDA:537,124,0,15
BRDA:537,124,1,8
BRDA:552,125,0,6
BRDA:552,125,1,2
BRDA:556,126,0,8
BRDA:556,126,1,0
BRDA:572,127,0,0
BRDA:572,127,1,8
BRDA:574,128,0,4
BRDA:574,128,1,4
BRDA:591,129,0,8
BRDA:591,129,1,8
BRDA:599,130,0,8
BRDA:599,130,1,0
BRDA:624,131,0,0
BRDA:624,131,1,0
BRDA:626,132,0,0
BRDA:626,132,1,0
BRDA:632,133,0,0
BRDA:632,133,1,0
BRDA:637,134,0,0
BRDA:637,134,1,0
BRDA:638,135,0,0
BRDA:638,135,1,0
BRDA:639,136,0,0
BRDA:639,136,1,0
BRDA:642,137,0,0
BRDA:642,137,1,0
BRDA:642,138,0,0
BRDA:642,138,1,0
BRDA:644,139,0,0
BRDA:644,139,1,0
BRDA:655,140,0,15
BRDA:655,140,1,0
BRDA:666,141,0,0
BRDA:666,141,1,0
BRDA:666,142,0,0
BRDA:666,142,1,0
BRDA:671,143,0,0
BRDA:671,143,1,0
BRDA:689,144,0,0
BRDA:689,144,1,0
BRDA:700,145,0,0
BRDA:700,145,1,0
BRDA:700,145,2,0
BRDA:703,146,0,0
BRDA:703,146,1,0
BRDA:706,147,0,0
BRDA:706,147,1,0
BRDA:723,148,0,0
BRDA:723,148,1,0
BRDA:725,149,0,0
BRDA:725,149,1,0
BRDA:725,150,0,0
BRDA:725,150,1,0
BRDA:727,151,0,0
BRDA:727,151,1,0
BRDA:753,152,0,18
BRDA:753,152,1,0
BRF:309
BRH:102
end_of_record
TN:
SF:src/clawsupport/components/MachineRow.jsx
FN:18,MachineRow
FN:34,(anonymous_1)
FN:36,(anonymous_2)
FN:42,(anonymous_3)
FN:61,(anonymous_4)
FNF:5
FNH:3
FNDA:4,MachineRow
FNDA:8,(anonymous_1)
FNDA:0,(anonymous_2)
FNDA:0,(anonymous_3)
FNDA:16,(anonymous_4)
DA:16,1
DA:22,4
DA:23,4
DA:24,4
DA:25,4
DA:26,4
DA:28,4
DA:29,4
DA:30,4
DA:32,4
DA:33,4
DA:34,8
DA:36,4
DA:37,0
DA:38,0
DA:39,0
DA:40,0
DA:42,0
DA:46,4
DA:62,16
DA:63,16
DA:64,16
LF:22
LH:17
BRDA:20,0,0,4
BRDA:24,1,0,4
BRDA:24,1,1,0
BRDA:25,2,0,4
BRDA:25,2,1,0
BRDA:28,3,0,4
BRDA:28,3,1,0
BRDA:33,4,0,4
BRDA:33,4,1,4
BRDA:34,5,0,4
BRDA:34,5,1,4
BRDA:37,6,0,0
BRDA:37,6,1,0
BRDA:39,7,0,0
BRDA:39,7,1,0
BRDA:55,8,0,4
BRDA:55,8,1,2
BRDA:63,9,0,4
BRDA:63,9,1,12
BRDA:77,10,0,4
BRDA:77,10,1,3
BRDA:77,10,2,0
BRF:22
BRH:14
end_of_record
TN:
SF:src/clawsupport/components/MachineRowExpandedBoothList.jsx
FN:7,MachineRowExpandedBoothList
FN:11,(anonymous_1)
FN:19,(anonymous_2)
FN:29,(anonymous_3)
FNF:4
FNH:0
FNDA:0,MachineRowExpandedBoothList
FNDA:0,(anonymous_1)
FNDA:0,(anonymous_2)
FNDA:0,(anonymous_3)
DA:5,1
DA:8,0
DA:9,0
DA:12,0
DA:13,0
DA:14,0
DA:15,0
DA:19,0
DA:30,0
LF:9
LH:1
BRDA:7,0,0,0
BRDA:8,1,0,0
BRDA:8,1,1,0
BRDA:13,2,0,0
BRDA:13,2,1,0
BRDA:25,3,0,0
BRDA:25,3,1,0
BRDA:33,4,0,0
BRDA:33,4,1,0
BRF:9
BRH:0
end_of_record
TN:
SF:src/clawsupport/components/MonthlySummary.jsx
FN:4,MonthlySummary
FN:39,(anonymous_1)
FNF:2
FNH:2
FNDA:3,MonthlySummary
FNDA:6,(anonymous_1)
DA:5,3
DA:40,6
LF:2
LH:2
BRDA:22,0,0,3
BRDA:22,0,1,0
BRDA:26,1,0,3
BRDA:26,1,1,3
BRDA:26,1,2,3
BRDA:42,2,0,6
BRDA:42,2,1,0
BRDA:42,3,0,6
BRDA:42,3,1,0
BRDA:42,4,0,6
BRDA:42,4,1,0
BRDA:45,5,0,6
BRDA:45,5,1,0
BRDA:45,6,0,6
BRDA:45,6,1,0
BRDA:45,7,0,0
BRDA:45,7,1,0
BRF:17
BRH:9
end_of_record
TN:
SF:src/clawsupport/components/NumpadField.jsx
FN:13,NativeNumInput
FN:17,sanitize
FN:26,handleChange
FN:31,handleKeyDown
FN:37,(anonymous_4)
FN:38,(anonymous_5)
FN:83,NumpadFooterPanel
FN:90,handleKey
FN:103,(anonymous_8)
FN:104,(anonymous_9)
FN:183,(anonymous_10)
FN:188,(anonymous_11)
FN:211,NumpadField
FN:238,activate
FN:243,(anonymous_14)
FN:254,(anonymous_15)
FN:256,(anonymous_16)
FN:272,(anonymous_17)
FN:289,(anonymous_18)
FN:292,(anonymous_19)
FN:335,(anonymous_20)
FN:339,(anonymous_21)
FN:344,(anonymous_22)
FN:345,(anonymous_23)
FNF:24
FNH:10
FNDA:72,NativeNumInput
FNDA:3,sanitize
FNDA:3,handleChange
FNDA:1,handleKeyDown
FNDA:0,(anonymous_4)
FNDA:0,(anonymous_5)
FNDA:2,NumpadFooterPanel
FNDA:0,handleKey
FNDA:0,(anonymous_8)
FNDA:0,(anonymous_9)
FNDA:0,(anonymous_10)
FNDA:0,(anonymous_11)
FNDA:78,NumpadField
FNDA:0,activate
FNDA:0,(anonymous_14)
FNDA:36,(anonymous_15)
FNDA:0,(anonymous_16)
FNDA:5,(anonymous_17)
FNDA:60,(anonymous_18)
FNDA:5,(anonymous_19)
FNDA:0,(anonymous_20)
FNDA:0,(anonymous_21)
FNDA:0,(anonymous_22)
FNDA:0,(anonymous_23)
DA:4,5
DA:9,5
DA:18,3
DA:19,3
DA:20,3
DA:21,0
DA:22,0
DA:24,3
DA:27,3
DA:28,3
DA:29,2
DA:32,1
DA:33,1
DA:34,1
DA:35,1
DA:36,0
DA:37,0
DA:38,0
DA:39,0
DA:40,0
DA:44,72
DA:45,72
DA:86,2
DA:88,0
DA:91,0
DA:93,0
DA:95,0
DA:96,0
DA:97,0
DA:98,0
DA:101,0
DA:102,0
DA:103,0
DA:104,0
DA:105,0
DA:106,0
DA:107,0
DA:108,0
DA:111,0
DA:113,0
DA:114,0
DA:116,0
DA:117,0
DA:118,0
DA:119,0
DA:122,0
DA:124,2
DA:184,0
DA:188,0
DA:228,78
DA:229,78
DA:230,78
DA:231,78
DA:233,78
DA:234,78
DA:236,78
DA:239,0
DA:240,0
DA:241,0
DA:243,0
DA:252,78
DA:254,78
DA:255,36
DA:256,1
DA:261,78
DA:263,19
DA:264,14
DA:272,19
DA:273,5
DA:274,1
DA:275,1
DA:277,4
DA:278,1
DA:279,1
DA:281,3
DA:282,3
DA:283,5
DA:284,3
DA:285,2
DA:287,5
DA:290,60
DA:292,5
DA:310,59
DA:311,58
DA:322,1
DA:324,78
DA:336,0
DA:337,0
DA:340,0
DA:341,0
DA:342,0
DA:343,0
DA:344,0
DA:345,0
DA:346,0
DA:347,0
DA:348,0
LF:97
LH:50
BRDA:18,0,0,3
BRDA:18,0,1,0
BRDA:19,1,0,0
BRDA:19,1,1,3
BRDA:20,2,0,0
BRDA:20,2,1,3
BRDA:22,3,0,0
BRDA:22,3,1,0
BRDA:28,4,0,1
BRDA:28,4,1,2
BRDA:28,5,0,3
BRDA:28,5,1,3
BRDA:32,6,0,1
BRDA:32,6,1,0
BRDA:34,7,0,1
BRDA:34,7,1,0
BRDA:35,8,0,0
BRDA:35,8,1,1
BRDA:40,9,0,0
BRDA:40,9,1,0
BRDA:44,10,0,40
BRDA:44,10,1,32
BRDA:44,11,0,72
BRDA:44,11,1,40
BRDA:51,12,0,0
BRDA:51,12,1,72
BRDA:52,13,0,0
BRDA:52,13,1,72
BRDA:54,14,0,72
BRDA:54,14,1,72
BRDA:57,15,0,72
BRDA:57,15,1,72
BRDA:58,16,0,14
BRDA:58,16,1,58
BRDA:65,17,0,0
BRDA:65,17,1,58
BRDA:66,18,0,0
BRDA:66,18,1,58
BRDA:76,19,0,0
BRDA:76,19,1,58
BRDA:86,20,0,2
BRDA:86,20,1,0
BRDA:91,21,0,0
BRDA:91,21,1,0
BRDA:95,22,0,0
BRDA:95,22,1,0
BRDA:97,23,0,0
BRDA:97,23,1,0
BRDA:101,24,0,0
BRDA:101,24,1,0
BRDA:106,25,0,0
BRDA:106,25,1,0
BRDA:106,26,0,0
BRDA:106,26,1,0
BRDA:111,27,0,0
BRDA:111,27,1,0
BRDA:111,28,0,0
BRDA:111,28,1,0
BRDA:113,29,0,0
BRDA:113,29,1,0
BRDA:113,30,0,0
BRDA:113,30,1,0
BRDA:117,31,0,0
BRDA:117,31,1,0
BRDA:117,32,0,0
BRDA:117,32,1,0
BRDA:118,33,0,0
BRDA:118,33,1,0
BRDA:122,34,0,0
BRDA:122,34,1,0
BRDA:122,35,0,0
BRDA:122,35,1,0
BRDA:139,36,0,0
BRDA:139,36,1,0
BRDA:139,37,0,2
BRDA:139,37,1,0
BRDA:152,38,0,0
BRDA:152,38,1,0
BRDA:159,39,0,0
BRDA:159,39,1,0
BRDA:165,40,0,0
BRDA:165,40,1,0
BRDA:193,41,0,0
BRDA:193,41,1,0
BRDA:195,42,0,0
BRDA:195,42,1,0
BRDA:196,43,0,0
BRDA:196,43,1,0
BRDA:196,44,0,0
BRDA:196,44,1,0
BRDA:197,45,0,0
BRDA:197,45,1,0
BRDA:215,46,0,78
BRDA:216,47,0,78
BRDA:217,48,0,78
BRDA:226,49,0,78
BRDA:255,50,0,1
BRDA:255,50,1,35
BRDA:261,51,0,19
BRDA:261,51,1,59
BRDA:273,52,0,1
BRDA:273,52,1,4
BRDA:274,53,0,1
BRDA:274,53,1,0
BRDA:277,54,0,1
BRDA:277,54,1,3
BRDA:278,55,0,1
BRDA:278,55,1,0
BRDA:281,56,0,0
BRDA:281,56,1,3
BRDA:281,57,0,3
BRDA:281,57,1,0
BRDA:282,58,0,3
BRDA:282,58,1,1
BRDA:283,59,0,0
BRDA:283,59,1,5
BRDA:283,60,0,5
BRDA:283,60,1,3
BRDA:284,61,0,1
BRDA:284,61,1,2
BRDA:263,62,0,14
BRDA:263,62,1,5
BRDA:296,63,0,5
BRDA:296,63,1,55
BRDA:297,64,0,5
BRDA:297,64,1,50
BRDA:310,65,0,58
BRDA:310,65,1,1
BRDA:322,66,0,0
BRDA:322,66,1,1
BRDA:322,67,0,1
BRDA:322,67,1,0
BRDA:334,68,0,78
BRDA:334,68,1,1
BRDA:340,69,0,0
BRDA:340,69,1,0
BRDA:342,70,0,0
BRDA:342,70,1,0
BRDA:347,71,0,0
BRDA:347,71,1,0
BRDA:347,72,0,0
BRDA:347,72,1,0
BRDA:351,73,0,78
BRDA:351,73,1,1
BRDA:354,74,0,0
BRDA:354,74,1,1
BRDA:355,75,0,0
BRDA:355,75,1,1
BRDA:365,76,0,0
BRDA:365,76,1,1
BRF:150
BRH:67
end_of_record
TN:
SF:src/clawsupport/components/OcrCaptureScreen.jsx
FN:20,getBoothSide
FN:28,captureAndPreprocess
FN:44,MeterGuideFrame
FN:53,(anonymous_3)
FN:66,OcrCaptureScreen
FN:84,(anonymous_5)
FN:87,(anonymous_6)
FN:93,(anonymous_7)
FN:96,(anonymous_8)
FN:99,(anonymous_9)
FN:101,(anonymous_10)
FN:106,sendOcr
FN:110,(anonymous_12)
FN:110,(anonymous_13)
FN:115,(anonymous_14)
FN:116,(anonymous_15)
FN:150,shutter
FN:164,handleGalleryPick
FN:169,(anonymous_18)
FN:178,retake
FN:186,getActiveValue
FN:191,setActiveValue
FN:200,handleConfirm
FN:287,(anonymous_23)
FN:288,(anonymous_24)
FN:307,(anonymous_25)
FN:308,(anonymous_26)
FNF:27
FNH:14
FNDA:13,getBoothSide
FNDA:4,captureAndPreprocess
FNDA:5,MeterGuideFrame
FNDA:20,(anonymous_3)
FNDA:13,OcrCaptureScreen
FNDA:4,(anonymous_5)
FNDA:0,(anonymous_6)
FNDA:0,(anonymous_7)
FNDA:0,(anonymous_8)
FNDA:4,(anonymous_9)
FNDA:0,(anonymous_10)
FNDA:4,sendOcr
FNDA:0,(anonymous_12)
FNDA:0,(anonymous_13)
FNDA:4,(anonymous_14)
FNDA:0,(anonymous_15)
FNDA:4,shutter
FNDA:0,handleGalleryPick
FNDA:0,(anonymous_18)
FNDA:1,retake
FNDA:13,getActiveValue
FNDA:0,setActiveValue
FNDA:1,handleConfirm
FNDA:0,(anonymous_23)
FNDA:0,(anonymous_24)
FNDA:26,(anonymous_25)
FNDA:0,(anonymous_26)
DA:13,2
DA:17,2
DA:18,2
DA:21,13
DA:22,13
DA:23,13
DA:29,4
DA:30,4
DA:31,4
DA:32,4
DA:33,4
DA:34,4
DA:35,4
DA:36,4
DA:37,4
DA:38,4
DA:39,4
DA:40,4
DA:41,4
DA:45,5
DA:54,20
DA:67,13
DA:68,13
DA:69,13
DA:70,13
DA:71,13
DA:72,13
DA:73,13
DA:74,13
DA:75,13
DA:76,13
DA:77,13
DA:78,13
DA:79,13
DA:80,13
DA:82,13
DA:84,13
DA:85,4
DA:86,4
DA:88,0
DA:89,0
DA:91,0
DA:92,0
DA:93,0
DA:97,0
DA:99,4
DA:100,4
DA:101,4
DA:102,4
DA:107,4
DA:108,4
DA:109,4
DA:110,4
DA:112,4
DA:115,4
DA:116,4
DA:118,4
DA:119,4
DA:120,4
DA:121,4
DA:122,4
DA:123,3
DA:125,4
DA:126,0
DA:127,0
DA:128,0
DA:129,0
DA:130,0
DA:132,3
DA:133,3
DA:134,3
DA:135,3
DA:136,3
DA:138,3
DA:139,3
DA:141,1
DA:142,1
DA:143,1
DA:146,1
DA:151,4
DA:152,4
DA:153,4
DA:158,4
DA:159,4
DA:160,4
DA:161,4
DA:165,0
DA:166,0
DA:167,0
DA:168,0
DA:169,0
DA:170,0
DA:171,0
DA:172,0
DA:173,0
DA:174,0
DA:175,0
DA:179,1
DA:180,1
DA:181,1
DA:182,1
DA:183,1
DA:187,13
DA:188,0
DA:189,0
DA:192,0
DA:193,0
DA:194,0
DA:197,13
DA:198,13
DA:201,1
DA:210,13
DA:214,13
DA:288,0
DA:308,26
LF:115
LH:87
BRDA:22,0,0,0
BRDA:22,0,1,13
BRDA:23,1,0,0
BRDA:23,1,1,13
BRDA:66,2,0,13
BRDA:89,3,0,0
BRDA:89,3,1,0
BRDA:92,4,0,0
BRDA:92,4,1,0
BRDA:92,5,0,0
BRDA:92,5,1,0
BRDA:97,6,0,0
BRDA:97,6,1,0
BRDA:101,7,0,0
BRDA:101,7,1,4
BRDA:102,8,0,4
BRDA:102,8,1,0
BRDA:121,9,0,0
BRDA:121,9,1,4
BRDA:122,10,0,1
BRDA:122,10,1,3
BRDA:122,11,0,1
BRDA:122,11,1,0
BRDA:123,12,0,3
BRDA:123,12,1,3
BRDA:125,13,0,0
BRDA:125,13,1,3
BRDA:126,14,0,0
BRDA:126,14,1,0
BRDA:127,15,0,0
BRDA:127,15,1,0
BRDA:128,16,0,0
BRDA:128,16,1,0
BRDA:130,17,0,0
BRDA:130,17,1,0
BRDA:132,18,0,3
BRDA:132,18,1,0
BRDA:133,19,0,3
BRDA:133,19,1,0
BRDA:134,20,0,3
BRDA:134,20,1,0
BRDA:135,21,0,3
BRDA:135,21,1,0
BRDA:136,22,0,3
BRDA:136,22,1,0
BRDA:142,23,0,0
BRDA:142,23,1,1
BRDA:143,24,0,0
BRDA:143,24,1,1
BRDA:145,25,0,1
BRDA:145,25,1,0
BRDA:152,26,0,0
BRDA:152,26,1,4
BRDA:155,27,0,4
BRDA:155,27,1,4
BRDA:156,28,0,4
BRDA:156,28,1,4
BRDA:166,29,0,0
BRDA:166,29,1,0
BRDA:187,30,0,13
BRDA:187,30,1,0
BRDA:188,31,0,0
BRDA:188,31,1,0
BRDA:192,32,0,0
BRDA:192,32,1,0
BRDA:192,33,0,0
BRDA:192,33,1,0
BRDA:197,34,0,3
BRDA:197,34,1,10
BRDA:197,35,0,13
BRDA:197,35,1,3
BRDA:198,36,0,3
BRDA:198,36,1,10
BRDA:198,37,0,13
BRDA:198,37,1,3
BRDA:202,38,0,1
BRDA:202,38,1,0
BRDA:203,39,0,1
BRDA:203,39,1,0
BRDA:204,40,0,1
BRDA:204,40,1,1
BRDA:210,41,0,0
BRDA:210,41,1,13
BRDA:211,42,0,0
BRDA:211,42,1,0
BRDA:211,42,2,0
BRDA:212,43,0,13
BRDA:212,43,1,3
BRDA:219,44,0,8
BRDA:219,44,1,5
BRDA:225,45,0,0
BRDA:225,45,1,5
BRDA:235,46,0,13
BRDA:235,46,1,5
BRDA:235,46,2,5
BRDA:244,47,0,13
BRDA:244,47,1,5
BRDA:247,48,0,13
BRDA:247,48,1,13
BRDA:247,48,2,4
BRDA:259,49,0,13
BRDA:259,49,1,5
BRDA:267,50,0,13
BRDA:267,50,1,4
BRDA:271,51,0,4
BRDA:271,51,1,0
BRDA:280,52,0,0
BRDA:280,52,1,13
BRDA:290,53,0,0
BRDA:290,53,1,0
BRDA:293,54,0,0
BRDA:293,54,1,0
BRDA:294,55,0,0
BRDA:294,55,1,0
BRDA:295,56,0,0
BRDA:295,56,1,0
BRDA:295,57,0,0
BRDA:295,57,1,0
BRDA:296,58,0,0
BRDA:296,58,1,0
BRDA:310,59,0,13
BRDA:310,59,1,13
BRDA:313,60,0,26
BRDA:313,60,1,20
BRDA:314,61,0,26
BRDA:314,61,1,26
BRDA:315,62,0,26
BRDA:315,62,1,6
BRDA:315,63,0,6
BRDA:315,63,1,0
BRDA:316,64,0,6
BRDA:316,64,1,0
BRDA:324,65,0,13
BRDA:324,65,1,4
BRDA:324,65,2,1
BRDA:327,66,0,13
BRDA:327,66,1,4
BRDA:327,66,2,3
BRDA:334,67,0,3
BRDA:334,67,1,10
BRF:140
BRH:76
end_of_record
TN:
SF:src/clawsupport/components/PatrolConfirmModal.jsx
FN:3,PatrolConfirmModal
FN:12,(anonymous_1)
FNF:2
FNH:2
FNDA:4,PatrolConfirmModal
FNDA:2,(anonymous_1)
DA:8,4
DA:12,2
LF:2
LH:2
BRDA:20,0,0,4
BRDA:20,0,1,4
BRDA:23,1,0,1
BRDA:23,1,1,3
BRDA:23,2,0,4
BRDA:23,2,1,4
BRDA:23,2,2,4
BRDA:24,3,0,4
BRDA:24,3,1,0
BRDA:28,4,0,4
BRDA:28,4,1,0
BRDA:31,5,0,0
BRDA:31,5,1,0
BRDA:32,6,0,0
BRDA:32,6,1,0
BRDA:36,7,0,4
BRDA:36,7,1,0
BRDA:39,8,0,0
BRDA:39,8,1,0
BRDA:39,9,0,0
BRDA:39,9,1,0
BRDA:44,10,0,4
BRDA:44,10,1,1
BRF:23
BRH:12
end_of_record
TN:
SF:src/clawsupport/components/PatrolHeader.jsx
FN:2,PatrolHeader
FN:15,(anonymous_1)
FNF:2
FNH:1
FNDA:7,PatrolHeader
FNDA:0,(anonymous_1)
DA:3,7
DA:4,7
DA:15,0
LF:3
LH:2
BRDA:2,0,0,7
BRDA:7,1,0,7
BRDA:7,1,1,1
BRDA:15,2,0,0
BRDA:15,2,1,0
BRDA:16,3,0,1
BRDA:16,3,1,6
BRDA:16,4,0,1
BRDA:16,4,1,6
BRDA:16,5,0,1
BRDA:16,5,1,6
BRDA:20,6,0,7
BRDA:20,6,1,1
BRDA:26,7,0,7
BRDA:26,7,1,2
BRDA:27,8,0,7
BRDA:27,8,1,2
BRF:17
BRH:15
end_of_record
TN:
SF:src/clawsupport/components/PrizeNameAutocomplete.jsx
FN:4,useDebounce
FN:6,(anonymous_1)
FN:7,(anonymous_2)
FN:8,(anonymous_3)
FN:24,PrizeNameAutocomplete
FN:40,(anonymous_5)
FN:47,(anonymous_6)
FN:52,(anonymous_7)
FN:55,handleInputChange
FN:65,handleSelect
FN:76,handleKeyDown
FN:87,handleBlur
FN:89,(anonymous_12)
FN:125,(anonymous_13)
FN:130,(anonymous_14)
FNF:15
FNH:12
FNDA:40,useDebounce
FNDA:17,(anonymous_1)
FNDA:8,(anonymous_2)
FNDA:17,(anonymous_3)
FNDA:40,PrizeNameAutocomplete
FNDA:15,(anonymous_5)
FNDA:8,(anonymous_6)
FNDA:8,(anonymous_7)
FNDA:9,handleInputChange
FNDA:1,handleSelect
FNDA:0,handleKeyDown
FNDA:0,handleBlur
FNDA:0,(anonymous_12)
FNDA:60,(anonymous_13)
FNDA:1,(anonymous_14)
DA:5,40
DA:6,40
DA:7,17
DA:8,17
DA:10,40
DA:34,40
DA:35,40
DA:36,40
DA:37,40
DA:38,40
DA:40,40
DA:41,15
DA:42,7
DA:43,7
DA:44,7
DA:46,8
DA:47,8
DA:48,8
DA:49,8
DA:50,8
DA:52,8
DA:56,9
DA:57,9
DA:58,9
DA:59,9
DA:60,1
DA:61,1
DA:66,1
DA:71,1
DA:72,1
DA:73,1
DA:77,0
DA:78,0
DA:79,0
DA:80,0
DA:82,0
DA:83,0
DA:89,0
DA:92,40
DA:126,60
DA:130,1
LF:41
LH:34
BRDA:41,0,0,7
BRDA:41,0,1,8
BRDA:48,1,0,0
BRDA:48,1,1,8
BRDA:59,2,0,1
BRDA:59,2,1,8
BRDA:77,3,0,0
BRDA:77,3,1,0
BRDA:77,4,0,0
BRDA:77,4,1,0
BRDA:78,5,0,0
BRDA:78,5,1,0
BRDA:78,6,0,0
BRDA:78,6,1,0
BRDA:82,7,0,0
BRDA:82,7,1,0
BRDA:109,8,0,40
BRDA:109,8,1,10
BRDA:117,9,0,0
BRDA:117,9,1,10
BRDA:135,10,0,60
BRDA:135,10,1,60
BRDA:139,11,0,60
BRDA:139,11,1,60
BRF:24
BRH:12
end_of_record
TN:
SF:src/clawsupport/components/PrizeSearchModal.jsx
FN:5,PrizeSearchModal
FN:10,(anonymous_1)
FN:10,(anonymous_2)
FN:14,(anonymous_3)
FN:16,(anonymous_4)
FN:23,handleSelect
FN:35,(anonymous_6)
FN:35,(anonymous_7)
FN:48,(anonymous_8)
FN:59,(anonymous_9)
FN:64,(anonymous_10)
FN:71,(anonymous_11)
FNF:12
FNH:11
FNDA:6,PrizeSearchModal
FNDA:4,(anonymous_1)
FNDA:4,(anonymous_2)
FNDA:6,(anonymous_3)
FNDA:18,(anonymous_4)
FNDA:1,handleSelect
FNDA:1,(anonymous_6)
FNDA:1,(anonymous_7)
FNDA:1,(anonymous_8)
FNDA:14,(anonymous_9)
FNDA:1,(anonymous_10)
FNDA:0,(anonymous_11)
DA:3,1
DA:6,6
DA:7,6
DA:9,6
DA:10,4
DA:14,6
DA:15,6
DA:16,6
DA:17,18
DA:18,16
DA:19,14
DA:24,1
DA:25,1
DA:28,6
DA:35,1
DA:48,1
DA:60,14
DA:61,14
DA:64,1
DA:71,0
LF:20
LH:19
BRDA:10,0,0,4
BRDA:10,0,1,0
BRDA:16,1,0,6
BRDA:16,1,1,0
BRDA:17,2,0,2
BRDA:17,2,1,16
BRDA:17,3,0,18
BRDA:17,3,1,3
BRDA:18,4,0,2
BRDA:18,4,1,14
BRDA:18,5,0,16
BRDA:18,5,1,3
BRDA:36,6,0,1
BRDA:36,6,1,5
BRDA:55,7,0,0
BRDA:55,7,1,6
BRDA:66,8,0,9
BRDA:66,8,1,5
BRDA:76,9,0,9
BRDA:76,9,1,5
BRDA:81,10,0,14
BRDA:81,10,1,5
BRF:22
BRH:19
end_of_record
TN:
SF:src/clawsupport/components/StoreTotalsHeader.jsx
FN:20,computeStoreTotals
FN:24,ModeToggle
FN:31,(anonymous_2)
FN:40,(anonymous_3)
FN:53,StoreTotalsHeader
FN:58,(anonymous_5)
FN:68,(anonymous_6)
FN:76,(anonymous_7)
FNF:8
FNH:8
FNDA:9,computeStoreTotals
FNDA:1,ModeToggle
FNDA:3,(anonymous_2)
FNDA:2,(anonymous_3)
FNDA:9,StoreTotalsHeader
FNDA:9,(anonymous_5)
FNDA:36,(anonymous_6)
FNDA:36,(anonymous_7)
DA:18,1
DA:21,9
DA:25,1
DA:32,3
DA:33,3
DA:40,2
DA:57,9
DA:58,9
DA:59,9
DA:60,9
DA:69,36
DA:77,36
LF:12
LH:12
BRDA:20,0,0,9
BRDA:21,1,0,9
BRDA:21,1,1,0
BRDA:42,2,0,1
BRDA:42,2,1,2
BRDA:54,3,0,9
BRDA:54,4,0,9
BRDA:55,5,0,9
BRDA:55,6,0,9
BRDA:57,7,0,9
BRDA:57,7,1,0
BRDA:58,8,0,9
BRDA:58,8,1,0
BRDA:65,9,0,9
BRDA:65,9,1,1
BRDA:80,10,0,9
BRDA:80,10,1,27
BRF:17
BRH:14
end_of_record
TN:
SF:src/clawsupport/components/patrolViewModes.js
FN:31,round1
FN:36,formatCell
FN:46,sourceArrayFor
FN:55,aggregateSummaries
FN:92,machineBoothSummaries
FN:93,(anonymous_5)
FNF:6
FNH:6
FNDA:18,round1
FNDA:56,formatCell
FNDA:4,sourceArrayFor
FNDA:39,aggregateSummaries
FNDA:22,machineBoothSummaries
FNDA:28,(anonymous_5)
DA:8,4
DA:9,4
DA:11,4
DA:29,4
DA:32,18
DA:33,18
DA:37,56
DA:38,34
DA:39,9
DA:41,25
DA:47,4
DA:48,4
DA:56,39
DA:57,39
DA:59,32
DA:60,7
DA:61,7
DA:62,28
DA:63,28
DA:64,28
DA:65,44
DA:66,44
DA:67,44
DA:68,44
DA:70,28
DA:74,7
DA:78,25
DA:79,39
DA:80,39
DA:81,100
DA:82,100
DA:83,140
DA:84,140
DA:86,100
DA:88,25
DA:93,28
LF:36
LH:36
BRDA:32,0,0,0
BRDA:32,0,1,18
BRDA:32,1,0,18
BRDA:32,1,1,18
BRDA:37,2,0,22
BRDA:37,2,1,34
BRDA:38,3,0,34
BRDA:38,3,1,25
BRDA:38,3,2,25
BRDA:47,4,0,4
BRDA:47,4,1,0
BRDA:48,5,0,4
BRDA:48,5,1,1
BRDA:56,6,0,39
BRDA:56,6,1,1
BRDA:57,7,0,7
BRDA:57,7,1,32
BRDA:59,8,0,7
BRDA:59,8,1,25
BRDA:67,9,0,29
BRDA:67,9,1,15
BRDA:67,10,0,29
BRDA:67,10,1,19
BRDA:68,11,0,29
BRDA:68,11,1,15
BRDA:68,12,0,29
BRDA:68,12,1,19
BRDA:70,13,0,18
BRDA:70,13,1,10
BRDA:70,14,0,28
BRDA:70,14,1,19
BRDA:70,14,2,19
BRDA:78,15,0,25
BRDA:78,15,1,0
BRDA:84,16,0,133
BRDA:84,16,1,7
BRDA:84,17,0,133
BRDA:84,17,1,95
BRDA:93,18,0,22
BRDA:93,18,1,0
BRDA:93,19,0,28
BRDA:93,19,1,9
BRF:42
BRH:38
end_of_record
TN:
SF:src/clawsupport/components/storeTotalsRanking.js
FN:10,computeMachineRankMap
FN:18,(anonymous_1)
FN:19,(anonymous_2)
FN:34,rankColor
FNF:4
FNH:4
FNDA:6,computeMachineRankMap
FNDA:18,(anonymous_1)
FNDA:14,(anonymous_2)
FNDA:10,rankColor
DA:8,2
DA:11,6
DA:12,6
DA:13,18
DA:14,18
DA:15,18
DA:17,6
DA:18,18
DA:19,14
DA:20,6
DA:21,6
DA:22,6
DA:23,14
DA:25,6
DA:26,6
DA:27,3
DA:28,3
DA:30,6
DA:35,10
DA:36,1
DA:37,1
DA:38,1
DA:39,1
DA:40,0
DA:41,0
DA:42,6
LF:26
LH:24
BRDA:10,0,0,6
BRDA:12,1,0,6
BRDA:12,1,1,0
BRDA:35,2,0,1
BRDA:35,2,1,1
BRDA:35,2,2,1
BRDA:35,2,3,1
BRDA:35,2,4,0
BRDA:35,2,5,0
BRDA:35,2,6,6
BRDA:42,3,0,5
BRDA:42,3,1,1
BRF:12
BRH:9
end_of_record
TN:
SF:src/clawsupport/hooks/useOCR.js
FN:10,jstDate
FN:14,useOCR
FN:20,(anonymous_2)
FN:40,(anonymous_3)
FN:48,(anonymous_4)
FN:49,(anonymous_5)
FN:64,(anonymous_6)
FN:73,(anonymous_7)
FN:81,(anonymous_8)
FN:88,(anonymous_9)
FN:96,(anonymous_10)
FNF:11
FNH:8
FNDA:1,jstDate
FNDA:10,useOCR
FNDA:1,(anonymous_2)
FNDA:5,(anonymous_3)
FNDA:5,(anonymous_4)
FNDA:2,(anonymous_5)
FNDA:0,(anonymous_6)
FNDA:2,(anonymous_7)
FNDA:1,(anonymous_8)
FNDA:0,(anonymous_9)
FNDA:0,(anonymous_10)
DA:8,1
DA:11,1
DA:15,10
DA:16,10
DA:20,10
DA:21,1
DA:22,1
DA:23,1
DA:26,1
DA:27,1
DA:30,1
DA:40,10
DA:41,5
DA:42,5
DA:44,5
DA:45,5
DA:48,5
DA:49,5
DA:53,5
DA:54,5
DA:55,3
DA:56,3
DA:58,2
DA:59,2
DA:64,0
DA:67,0
DA:70,3
DA:72,3
DA:73,5
DA:75,5
DA:76,5
DA:81,1
DA:84,0
DA:85,0
DA:88,0
DA:91,5
DA:96,10
LF:37
LH:32
BRDA:21,0,0,0
BRDA:21,0,1,1
BRDA:21,1,0,1
BRDA:21,1,1,1
BRDA:21,1,2,1
BRDA:26,2,0,0
BRDA:26,2,1,1
BRDA:30,3,0,1
BRDA:30,3,1,0
BRDA:30,4,0,1
BRDA:30,4,1,1
BRDA:58,5,0,2
BRDA:58,5,1,0
BRDA:58,6,0,2
BRDA:58,6,1,0
BRDA:58,6,2,0
BRDA:70,7,0,0
BRDA:70,7,1,3
BRDA:72,8,0,3
BRDA:72,8,1,0
BRDA:73,9,0,2
BRDA:73,9,1,0
BRDA:74,10,0,0
BRDA:74,10,1,0
BRDA:75,11,0,5
BRDA:75,11,1,1
BRDA:84,12,0,0
BRDA:84,12,1,0
BRF:28
BRH:15
end_of_record
TN:
SF:src/clawsupport/lib/patrolCanSave.js
FN:4,patrolCanSave
FNF:1
FNH:1
FNDA:8,patrolCanSave
DA:5,8
LF:1
LH:1
BRDA:5,0,0,8
BRDA:5,0,1,5
BRF:2
BRH:2
end_of_record
TN:
SF:src/clawsupport/pages/BoothInput.jsx
FN:12,BoothInput
FN:22,(anonymous_1)
FN:44,(anonymous_2)
FN:46,(anonymous_3)
FN:53,(anonymous_4)
FN:69,(anonymous_5)
FN:73,handleSave
FN:104,(anonymous_7)
FN:170,(anonymous_8)
FN:189,(anonymous_9)
FN:210,(anonymous_10)
FN:215,(anonymous_11)
FN:223,(anonymous_12)
FN:223,(anonymous_13)
FN:252,(anonymous_14)
FN:257,(anonymous_15)
FN:272,(anonymous_16)
FN:282,(anonymous_17)
FN:300,(anonymous_18)
FN:314,(anonymous_19)
FN:350,(anonymous_20)
FN:358,(anonymous_21)
FN:362,(anonymous_22)
FNF:23
FNH:12
FNDA:39,BoothInput
FNDA:13,(anonymous_1)
FNDA:13,(anonymous_2)
FNDA:12,(anonymous_3)
FNDA:13,(anonymous_4)
FNDA:2,(anonymous_5)
FNDA:6,handleSave
FNDA:2,(anonymous_7)
FNDA:5,(anonymous_8)
FNDA:0,(anonymous_9)
FNDA:0,(anonymous_10)
FNDA:2,(anonymous_11)
FNDA:0,(anonymous_12)
FNDA:0,(anonymous_13)
FNDA:0,(anonymous_14)
FNDA:2,(anonymous_15)
FNDA:0,(anonymous_16)
FNDA:0,(anonymous_17)
FNDA:0,(anonymous_18)
FNDA:0,(anonymous_19)
FNDA:0,(anonymous_20)
FNDA:1,(anonymous_21)
FNDA:0,(anonymous_22)
DA:13,39
DA:14,39
DA:15,39
DA:16,39
DA:17,39
DA:19,39
DA:22,39
DA:23,13
DA:24,1
DA:29,39
DA:30,39
DA:31,39
DA:32,39
DA:33,39
DA:34,39
DA:35,39
DA:36,39
DA:37,39
DA:38,39
DA:39,39
DA:40,39
DA:41,39
DA:44,39
DA:45,13
DA:46,12
DA:47,12
DA:48,12
DA:53,39
DA:54,13
DA:55,1
DA:60,39
DA:61,39
DA:62,39
DA:63,39
DA:64,39
DA:65,39
DA:68,39
DA:69,2
DA:74,6
DA:75,0
DA:76,0
DA:78,6
DA:79,1
DA:80,1
DA:82,5
DA:83,5
DA:84,5
DA:85,5
DA:86,5
DA:87,0
DA:89,5
DA:100,4
DA:101,4
DA:102,1
DA:104,3
DA:107,1
DA:109,5
DA:114,39
DA:117,38
DA:119,38
DA:170,5
DA:189,0
DA:210,0
DA:216,2
DA:223,0
DA:224,0
DA:225,0
DA:226,0
DA:252,0
DA:257,2
DA:272,0
DA:282,0
DA:300,0
DA:314,0
DA:350,0
DA:359,1
DA:360,1
DA:362,0
LF:78
LH:62
BRDA:19,0,0,39
BRDA:19,1,0,39
BRDA:19,2,0,39
BRDA:19,2,1,1
BRDA:23,3,0,1
BRDA:23,3,1,12
BRDA:45,4,0,1
BRDA:45,4,1,12
BRDA:48,5,0,0
BRDA:48,5,1,12
BRDA:54,6,0,1
BRDA:54,6,1,12
BRDA:60,7,0,1
BRDA:60,7,1,38
BRDA:61,8,0,1
BRDA:61,8,1,38
BRDA:62,9,0,15
BRDA:62,9,1,24
BRDA:63,10,0,0
BRDA:63,10,1,39
BRDA:64,11,0,0
BRDA:64,11,1,39
BRDA:64,12,0,39
BRDA:64,12,1,15
BRDA:65,13,0,0
BRDA:65,13,1,39
BRDA:65,14,0,39
BRDA:65,14,1,0
BRDA:68,15,0,2
BRDA:68,15,1,37
BRDA:69,16,0,2
BRDA:69,16,1,2
BRDA:69,17,0,2
BRDA:69,17,1,2
BRDA:74,18,0,0
BRDA:74,18,1,6
BRDA:78,19,0,1
BRDA:78,19,1,5
BRDA:86,20,0,0
BRDA:86,20,1,5
BRDA:93,21,0,2
BRDA:93,21,1,3
BRDA:94,22,0,6
BRDA:94,22,1,5
BRDA:95,23,0,2
BRDA:95,23,1,3
BRDA:97,24,0,6
BRDA:97,24,1,0
BRDA:101,25,0,1
BRDA:101,25,1,3
BRDA:101,26,0,4
BRDA:101,26,1,2
BRDA:114,27,0,1
BRDA:114,27,1,38
BRDA:131,28,0,38
BRDA:131,28,1,0
BRDA:136,29,0,11
BRDA:136,29,1,27
BRDA:139,30,0,11
BRDA:139,30,1,27
BRDA:147,31,0,39
BRDA:147,31,1,1
BRDA:155,32,0,1
BRDA:155,32,1,0
BRDA:172,33,0,1
BRDA:172,33,1,37
BRDA:174,34,0,39
BRDA:174,34,1,0
BRDA:176,35,0,0
BRDA:176,35,1,0
BRDA:177,36,0,0
BRDA:177,36,1,0
BRDA:180,37,0,39
BRDA:180,37,1,38
BRDA:180,37,2,36
BRDA:191,38,0,1
BRDA:191,38,1,35
BRDA:193,39,0,36
BRDA:193,39,1,0
BRDA:195,40,0,0
BRDA:195,40,1,0
BRDA:196,41,0,0
BRDA:196,41,1,0
BRDA:203,42,0,39
BRDA:203,42,1,2
BRDA:218,43,0,2
BRDA:218,43,1,0
BRDA:241,44,0,39
BRDA:241,44,1,27
BRDA:292,45,0,39
BRDA:292,45,1,11
BRDA:321,46,0,39
BRDA:321,46,1,2
BRDA:326,47,0,39
BRDA:326,47,1,4
BRDA:333,48,0,39
BRDA:333,48,1,34
BRDA:339,49,0,5
BRDA:339,49,1,29
BRDA:344,50,0,39
BRDA:344,50,1,1
BRDA:356,51,0,39
BRDA:356,51,1,2
BRDA:359,52,0,1
BRDA:359,52,1,1
BRDA:359,52,2,0
BRF:106
BRH:84
end_of_record
TN:
SF:src/clawsupport/pages/ClawsupportStoreDash.jsx
FN:16,ClawsupportStoreDash
FN:25,(anonymous_1)
FN:26,load
FN:33,(anonymous_3)
FN:33,(anonymous_4)
FN:41,handleTileClick
FN:47,(anonymous_6)
FN:57,(anonymous_7)
FN:77,(anonymous_8)
FN:80,(anonymous_9)
FNF:10
FNH:4
FNDA:2,ClawsupportStoreDash
FNDA:2,(anonymous_1)
FNDA:2,load
FNDA:0,(anonymous_3)
FNDA:0,(anonymous_4)
FNDA:0,handleTileClick
FNDA:0,(anonymous_6)
FNDA:0,(anonymous_7)
FNDA:6,(anonymous_8)
FNDA:0,(anonymous_9)
DA:10,1
DA:17,2
DA:18,2
DA:20,2
DA:21,2
DA:22,2
DA:23,2
DA:25,2
DA:27,2
DA:31,2
DA:33,2
DA:34,2
DA:35,2
DA:36,2
DA:38,2
DA:42,0
DA:43,0
DA:44,0
DA:46,0
DA:47,0
DA:50,2
DA:57,0
DA:78,6
DA:80,0
LF:24
LH:17
BRDA:31,0,0,2
BRDA:31,0,1,0
BRDA:42,1,0,0
BRDA:42,1,1,0
BRDA:61,2,0,2
BRDA:61,2,1,0
BRDA:61,2,2,0
BRDA:64,3,0,0
BRDA:64,3,1,0
BRDA:66,4,0,0
BRDA:66,4,1,0
BRDA:82,5,0,2
BRDA:82,5,1,4
BRDA:89,6,0,2
BRDA:89,6,1,4
BRDA:90,7,0,2
BRDA:90,7,1,4
BRDA:96,8,0,2
BRDA:96,8,1,0
BRF:19
BRH:9
end_of_record
TN:
SF:src/clawsupport/pages/Complete.jsx
FN:7,loadReport
FN:25,clearReport
FN:29,buildRows
FN:30,(anonymous_3)
FN:40,Complete
FN:47,(anonymous_5)
FN:48,(anonymous_6)
FN:49,(anonymous_7)
FN:50,(anonymous_8)
FN:51,(anonymous_9)
FN:51,(anonymous_10)
FN:52,(anonymous_11)
FN:52,(anonymous_12)
FN:95,(anonymous_13)
FN:128,(anonymous_14)
FN:139,(anonymous_15)
FN:145,(anonymous_16)
FNF:17
FNH:15
FNDA:7,loadReport
FNDA:1,clearReport
FNDA:7,buildRows
FNDA:9,(anonymous_3)
FNDA:7,Complete
FNDA:9,(anonymous_5)
FNDA:9,(anonymous_6)
FNDA:9,(anonymous_7)
FNDA:9,(anonymous_8)
FNDA:9,(anonymous_9)
FNDA:9,(anonymous_10)
FNDA:9,(anonymous_11)
FNDA:9,(anonymous_12)
FNDA:9,(anonymous_13)
FNDA:1,(anonymous_14)
FNDA:0,(anonymous_15)
FNDA:0,(anonymous_16)
DA:5,1
DA:9,7
DA:11,3
DA:12,3
DA:13,3
DA:14,2
DA:15,2
DA:16,1
DA:17,1
DA:19,1
DA:21,0
DA:26,1
DA:30,7
DA:31,9
DA:32,9
DA:33,9
DA:34,9
DA:35,9
DA:36,9
DA:41,7
DA:42,7
DA:43,7
DA:44,7
DA:45,7
DA:47,9
DA:48,9
DA:49,9
DA:50,9
DA:51,9
DA:52,9
DA:55,7
DA:56,7
DA:57,7
DA:59,7
DA:96,9
DA:128,1
DA:139,0
DA:145,0
LF:38
LH:35
BRDA:9,0,0,4
BRDA:9,0,1,3
BRDA:13,1,0,1
BRDA:13,1,1,2
BRDA:15,2,0,1
BRDA:15,2,1,1
BRDA:15,3,0,2
BRDA:15,3,1,2
BRDA:30,4,0,7
BRDA:30,4,1,2
BRDA:31,5,0,9
BRDA:31,5,1,0
BRDA:32,6,0,9
BRDA:32,6,1,0
BRDA:33,7,0,9
BRDA:33,7,1,0
BRDA:34,8,0,9
BRDA:34,8,1,0
BRDA:35,9,0,9
BRDA:35,9,1,5
BRDA:50,10,0,5
BRDA:50,10,1,2
BRDA:55,11,0,7
BRDA:55,11,1,2
BRDA:56,12,0,7
BRDA:56,12,1,4
BRDA:56,12,2,3
BRDA:57,13,0,7
BRDA:57,13,1,4
BRDA:57,13,2,3
BRDA:74,14,0,7
BRDA:74,14,1,5
BRDA:97,15,0,9
BRDA:97,15,1,0
BRDA:98,16,0,9
BRDA:98,16,1,0
BRDA:99,17,0,9
BRDA:99,17,1,0
BRDA:101,18,0,9
BRDA:101,18,1,0
BRDA:104,19,0,9
BRDA:104,19,1,0
BRDA:107,20,0,4
BRDA:107,20,1,5
BRDA:96,21,0,9
BRDA:96,21,1,0
BRDA:118,22,0,5
BRDA:118,22,1,0
BRDA:120,23,0,4
BRDA:120,23,1,1
BRDA:137,24,0,7
BRDA:137,24,1,4
BRF:52
BRH:41
end_of_record
TN:
SF:src/clawsupport/pages/DraftList.jsx
FN:11,getDrafts
FN:14,saveDraft
FN:16,(anonymous_2)
FN:21,clearDrafts
FN:22,getDraftCount
FN:24,DraftList
FN:32,(anonymous_6)
FN:34,handleEdit
FN:36,handleEditSave
FN:42,handleDelete
FN:43,(anonymous_10)
FN:48,handleSaveAll
FN:70,(anonymous_12)
FN:83,(anonymous_13)
FN:105,(anonymous_14)
FN:115,(anonymous_15)
FN:120,(anonymous_16)
FN:125,(anonymous_17)
FN:130,(anonymous_18)
FN:137,(anonymous_19)
FN:141,(anonymous_20)
FN:148,(anonymous_21)
FN:151,(anonymous_22)
FN:161,(anonymous_23)
FN:162,(anonymous_24)
FN:169,(anonymous_25)
FNF:26
FNH:6
FNDA:2,getDrafts
FNDA:0,saveDraft
FNDA:0,(anonymous_2)
FNDA:1,clearDrafts
FNDA:0,getDraftCount
FNDA:6,DraftList
FNDA:2,(anonymous_6)
FNDA:0,handleEdit
FNDA:0,handleEditSave
FNDA:0,handleDelete
FNDA:0,(anonymous_10)
FNDA:1,handleSaveAll
FNDA:0,(anonymous_12)
FNDA:0,(anonymous_13)
FNDA:0,(anonymous_14)
FNDA:0,(anonymous_15)
FNDA:0,(anonymous_16)
FNDA:0,(anonymous_17)
FNDA:0,(anonymous_18)
FNDA:0,(anonymous_19)
FNDA:0,(anonymous_20)
FNDA:3,(anonymous_21)
FNDA:0,(anonymous_22)
FNDA:0,(anonymous_23)
FNDA:0,(anonymous_24)
FNDA:0,(anonymous_25)
DA:7,2
DA:8,2
DA:9,2
DA:12,2
DA:15,0
DA:16,0
DA:17,0
DA:18,0
DA:19,0
DA:21,1
DA:22,0
DA:25,6
DA:26,6
DA:27,6
DA:28,6
DA:29,6
DA:30,6
DA:32,6
DA:34,0
DA:37,0
DA:38,0
DA:39,0
DA:43,0
DA:44,0
DA:45,0
DA:49,1
DA:50,1
DA:51,1
DA:52,1
DA:53,1
DA:54,1
DA:55,1
DA:56,1
DA:57,1
DA:59,1
DA:60,1
DA:66,1
DA:67,1
DA:70,0
DA:71,0
DA:72,0
DA:73,0
DA:75,1
DA:78,6
DA:83,0
DA:105,0
DA:115,0
DA:120,0
DA:125,0
DA:130,0
DA:137,0
DA:141,0
DA:149,3
DA:151,0
DA:161,0
DA:162,0
DA:169,0
LF:57
LH:28
BRDA:12,0,0,2
BRDA:12,0,1,0
BRDA:17,1,0,0
BRDA:17,1,1,0
BRDA:49,2,0,0
BRDA:49,2,1,1
BRDA:93,3,0,3
BRDA:93,3,1,3
BRDA:103,4,0,1
BRDA:103,4,1,2
BRDA:108,5,0,3
BRDA:108,5,1,0
BRDA:114,6,0,0
BRDA:114,6,1,0
BRDA:119,7,0,0
BRDA:119,7,1,0
BRDA:124,8,0,0
BRDA:124,8,1,0
BRDA:129,9,0,0
BRDA:129,9,1,0
BRDA:136,10,0,0
BRDA:136,10,1,0
BRDA:155,11,0,3
BRDA:155,11,1,0
BRDA:157,12,0,3
BRDA:157,12,1,3
BRF:26
BRH:10
end_of_record
TN:
SF:src/clawsupport/pages/PatrolInput.jsx
FN:19,boothLabel
FN:26,PatrolInput
FN:44,(anonymous_2)
FN:73,onTouchStart
FN:77,onTouchEnd
FN:87,onSave
FN:96,doSave
FN:100,(anonymous_7)
FN:119,(anonymous_8)
FN:137,(anonymous_9)
FN:142,(anonymous_10)
FN:152,(anonymous_11)
FN:157,(anonymous_12)
FN:173,(anonymous_13)
FN:183,(anonymous_14)
FN:196,(anonymous_15)
FN:209,(anonymous_16)
FN:211,(anonymous_17)
FN:249,(anonymous_18)
FN:257,(anonymous_19)
FN:313,(anonymous_20)
FN:322,(anonymous_21)
FN:328,(anonymous_22)
FN:336,(anonymous_23)
FN:347,(anonymous_24)
FN:361,(anonymous_25)
FN:372,(anonymous_26)
FN:374,(anonymous_27)
FN:399,(anonymous_28)
FN:406,(anonymous_29)
FN:463,(anonymous_30)
FN:472,(anonymous_31)
FN:478,(anonymous_32)
FN:486,(anonymous_33)
FN:497,(anonymous_34)
FN:511,(anonymous_35)
FN:523,(anonymous_36)
FN:529,(anonymous_37)
FN:544,(anonymous_38)
FN:553,(anonymous_39)
FN:559,(anonymous_40)
FN:572,(anonymous_41)
FN:578,(anonymous_42)
FN:590,(anonymous_43)
FNF:44
FNH:7
FNDA:17,boothLabel
FNDA:17,PatrolInput
FNDA:0,(anonymous_2)
FNDA:0,onTouchStart
FNDA:0,onTouchEnd
FNDA:4,onSave
FNDA:1,doSave
FNDA:1,(anonymous_7)
FNDA:0,(anonymous_8)
FNDA:0,(anonymous_9)
FNDA:0,(anonymous_10)
FNDA:0,(anonymous_11)
FNDA:0,(anonymous_12)
FNDA:0,(anonymous_13)
FNDA:0,(anonymous_14)
FNDA:0,(anonymous_15)
FNDA:0,(anonymous_16)
FNDA:0,(anonymous_17)
FNDA:0,(anonymous_18)
FNDA:0,(anonymous_19)
FNDA:0,(anonymous_20)
FNDA:0,(anonymous_21)
FNDA:0,(anonymous_22)
FNDA:85,(anonymous_23)
FNDA:0,(anonymous_24)
FNDA:0,(anonymous_25)
FNDA:0,(anonymous_26)
FNDA:0,(anonymous_27)
FNDA:0,(anonymous_28)
FNDA:0,(anonymous_29)
FNDA:0,(anonymous_30)
FNDA:0,(anonymous_31)
FNDA:0,(anonymous_32)
FNDA:0,(anonymous_33)
FNDA:0,(anonymous_34)
FNDA:0,(anonymous_35)
FNDA:0,(anonymous_36)
FNDA:0,(anonymous_37)
FNDA:0,(anonymous_38)
FNDA:0,(anonymous_39)
FNDA:0,(anonymous_40)
FNDA:0,(anonymous_41)
FNDA:0,(anonymous_42)
FNDA:1,(anonymous_43)
DA:11,1
DA:20,17
DA:21,17
DA:27,17
DA:28,17
DA:29,17
DA:44,17
DA:46,17
DA:47,17
DA:48,17
DA:49,17
DA:50,17
DA:51,17
DA:53,17
DA:55,17
DA:64,17
DA:65,17
DA:66,17
DA:67,17
DA:68,17
DA:69,17
DA:70,17
DA:74,0
DA:75,0
DA:78,0
DA:79,0
DA:80,0
DA:81,0
DA:82,0
DA:84,0
DA:88,4
DA:89,4
DA:90,0
DA:91,0
DA:93,4
DA:97,1
DA:98,1
DA:99,1
DA:100,1
DA:101,1
DA:102,0
DA:107,17
DA:109,17
DA:119,0
DA:138,0
DA:139,0
DA:140,0
DA:142,0
DA:152,0
DA:157,0
DA:173,0
DA:183,0
DA:196,0
DA:210,0
DA:211,0
DA:249,0
DA:257,0
DA:313,0
DA:322,0
DA:328,0
DA:337,85
DA:347,0
DA:361,0
DA:373,0
DA:374,0
DA:399,0
DA:406,0
DA:463,0
DA:472,0
DA:478,0
DA:487,0
DA:497,0
DA:511,0
DA:523,0
DA:529,0
DA:544,0
DA:553,0
DA:559,0
DA:573,0
DA:574,0
DA:575,0
DA:576,0
DA:578,0
DA:590,1
LF:84
LH:34
BRDA:20,0,0,0
BRDA:20,0,1,17
BRDA:21,1,0,17
BRDA:21,1,1,0
BRDA:53,2,0,0
BRDA:53,2,1,17
BRDA:55,3,0,0
BRDA:55,3,1,17
BRDA:65,4,0,17
BRDA:65,4,1,0
BRDA:66,5,0,17
BRDA:66,5,1,17
BRDA:67,6,0,17
BRDA:67,6,1,17
BRDA:67,6,2,17
BRDA:67,6,3,16
BRDA:67,6,4,13
BRDA:67,6,5,12
BRDA:68,7,0,17
BRDA:68,7,1,17
BRDA:68,7,2,17
BRDA:68,7,3,17
BRDA:68,7,4,17
BRDA:69,8,0,17
BRDA:69,8,1,0
BRDA:78,9,0,0
BRDA:78,9,1,0
BRDA:81,10,0,0
BRDA:81,10,1,0
BRDA:81,11,0,0
BRDA:81,11,1,0
BRDA:82,12,0,0
BRDA:82,12,1,0
BRDA:89,13,0,0
BRDA:89,13,1,4
BRDA:89,14,0,4
BRDA:89,14,1,0
BRDA:99,15,0,0
BRDA:99,15,1,1
BRDA:100,16,0,1
BRDA:100,16,1,0
BRDA:101,17,0,0
BRDA:101,17,1,1
BRDA:126,18,0,17
BRDA:126,18,1,0
BRDA:127,19,0,17
BRDA:127,19,1,6
BRDA:127,19,2,6
BRDA:129,20,0,17
BRDA:129,20,1,17
BRDA:135,21,0,17
BRDA:135,21,1,0
BRDA:142,22,0,0
BRDA:142,22,1,0
BRDA:142,23,0,0
BRDA:142,23,1,0
BRDA:143,24,0,0
BRDA:143,24,1,0
BRDA:143,25,0,0
BRDA:143,25,1,0
BRDA:143,26,0,0
BRDA:143,26,1,0
BRDA:153,27,0,17
BRDA:153,27,1,0
BRDA:158,28,0,0
BRDA:158,28,1,17
BRDA:160,29,0,17
BRDA:160,29,1,0
BRDA:170,30,0,17
BRDA:170,30,1,0
BRDA:175,31,0,17
BRDA:175,31,1,17
BRDA:185,32,0,0
BRDA:185,32,1,17
BRDA:186,33,0,17
BRDA:186,33,1,0
BRDA:194,34,0,17
BRDA:194,34,1,0
BRDA:204,35,0,17
BRDA:204,35,1,17
BRDA:212,36,0,0
BRDA:212,36,1,0
BRDA:213,37,0,0
BRDA:213,37,1,0
BRDA:224,38,0,17
BRDA:224,38,1,0
BRDA:226,39,0,17
BRDA:226,39,1,0
BRDA:227,40,0,17
BRDA:227,40,1,0
BRDA:228,41,0,17
BRDA:228,41,1,17
BRDA:235,42,0,17
BRDA:235,42,1,17
BRDA:235,42,2,17
BRDA:237,43,0,17
BRDA:237,43,1,0
BRDA:245,44,0,0
BRDA:245,44,1,17
BRDA:247,45,0,17
BRDA:247,45,1,0
BRDA:248,46,0,17
BRDA:248,46,1,2
BRDA:253,47,0,0
BRDA:253,47,1,17
BRDA:255,48,0,17
BRDA:255,48,1,0
BRDA:256,49,0,17
BRDA:256,49,1,15
BRDA:259,50,0,17
BRDA:259,50,1,2
BRDA:259,50,2,2
BRDA:259,50,3,15
BRDA:264,51,0,15
BRDA:264,51,1,15
BRDA:265,52,0,4
BRDA:265,52,1,11
BRDA:265,53,0,15
BRDA:265,53,1,15
BRDA:265,53,2,14
BRDA:266,54,0,15
BRDA:266,54,1,0
BRDA:270,55,0,15
BRDA:270,55,1,2
BRDA:271,56,0,0
BRDA:271,56,1,2
BRDA:272,57,0,2
BRDA:272,57,1,0
BRDA:275,58,0,15
BRDA:275,58,1,2
BRDA:276,59,0,2
BRDA:276,59,1,0
BRDA:276,60,0,2
BRDA:276,60,1,1
BRDA:278,61,0,2
BRDA:278,61,1,1
BRDA:279,62,0,2
BRDA:279,62,1,1
BRDA:292,63,0,17
BRDA:292,63,1,1
BRDA:292,63,2,0
BRDA:292,63,3,1
BRDA:296,64,0,1
BRDA:296,64,1,1
BRDA:300,65,0,1
BRDA:300,65,1,1
BRDA:308,66,0,17
BRDA:308,66,1,17
BRDA:308,66,2,17
BRDA:311,67,0,17
BRDA:311,67,1,0
BRDA:312,68,0,17
BRDA:312,68,1,17
BRDA:321,69,0,17
BRDA:321,69,1,17
BRDA:327,70,0,17
BRDA:327,70,1,17
BRDA:343,71,0,17
BRDA:343,71,1,68
BRDA:344,72,0,17
BRDA:344,72,1,68
BRDA:345,73,0,85
BRDA:345,73,1,85
BRDA:346,74,0,85
BRDA:346,74,1,85
BRDA:360,75,0,17
BRDA:360,75,1,17
BRDA:367,76,0,17
BRDA:367,76,1,0
BRDA:375,77,0,0
BRDA:375,77,1,0
BRDA:376,78,0,0
BRDA:376,78,1,0
BRDA:387,79,0,0
BRDA:387,79,1,0
BRDA:387,80,0,0
BRDA:387,80,1,0
BRDA:388,81,0,0
BRDA:388,81,1,0
BRDA:388,82,0,0
BRDA:388,82,1,0
BRDA:396,83,0,0
BRDA:396,83,1,0
BRDA:398,84,0,0
BRDA:398,84,1,0
BRDA:403,85,0,0
BRDA:403,85,1,0
BRDA:405,86,0,0
BRDA:405,86,1,0
BRDA:408,87,0,0
BRDA:408,87,1,0
BRDA:408,87,2,0
BRDA:408,87,3,0
BRDA:413,88,0,0
BRDA:413,88,1,0
BRDA:414,89,0,0
BRDA:414,89,1,0
BRDA:414,90,0,0
BRDA:414,90,1,0
BRDA:415,91,0,0
BRDA:415,91,1,0
BRDA:419,92,0,0
BRDA:419,92,1,0
BRDA:420,93,0,0
BRDA:420,93,1,0
BRDA:421,94,0,0
BRDA:421,94,1,0
BRDA:424,95,0,0
BRDA:424,95,1,0
BRDA:425,96,0,0
BRDA:425,96,1,0
BRDA:425,97,0,0
BRDA:425,97,1,0
BRDA:427,98,0,0
BRDA:427,98,1,0
BRDA:428,99,0,0
BRDA:428,99,1,0
BRDA:441,100,0,0
BRDA:441,100,1,0
BRDA:441,100,2,0
BRDA:441,100,3,0
BRDA:445,101,0,0
BRDA:445,101,1,0
BRDA:449,102,0,0
BRDA:449,102,1,0
BRDA:457,103,0,0
BRDA:457,103,1,0
BRDA:457,103,2,0
BRDA:457,103,3,0
BRDA:461,104,0,0
BRDA:461,104,1,0
BRDA:461,104,2,0
BRDA:462,105,0,0
BRDA:462,105,1,0
BRDA:471,106,0,0
BRDA:471,106,1,0
BRDA:477,107,0,0
BRDA:477,107,1,0
BRDA:493,108,0,0
BRDA:493,108,1,0
BRDA:494,109,0,0
BRDA:494,109,1,0
BRDA:495,110,0,0
BRDA:495,110,1,0
BRDA:495,110,2,0
BRDA:496,111,0,0
BRDA:496,111,1,0
BRDA:510,112,0,0
BRDA:510,112,1,0
BRDA:521,113,0,0
BRDA:521,113,1,17
BRDA:527,114,0,0
BRDA:527,114,1,17
BRDA:551,115,0,17
BRDA:551,115,1,0
BRDA:552,116,0,17
BRDA:552,116,1,0
BRDA:568,117,0,17
BRDA:568,117,1,0
BRDA:568,117,2,0
BRDA:573,118,0,0
BRDA:573,118,1,0
BRDA:583,119,0,17
BRDA:583,119,1,4
BRF:264
BRH:119
end_of_record
TN:
SF:src/clawsupport/state/localStoreView.js
FN:7,todayJST
FN:19,computeLocalStoreView
FN:37,(anonymous_2)
FN:49,(anonymous_3)
FNF:4
FNH:4
FNDA:2,todayJST
FNDA:11,computeLocalStoreView
FNDA:9,(anonymous_2)
FNDA:10,(anonymous_3)
DA:8,2
DA:20,11
DA:21,11
DA:22,21
DA:23,21
DA:24,21
DA:25,21
DA:27,11
DA:28,11
DA:29,11
DA:31,10
DA:32,10
DA:33,21
DA:34,21
DA:35,21
DA:37,10
DA:38,9
DA:39,9
DA:40,0
DA:43,9
DA:45,10
DA:46,10
DA:47,10
DA:49,10
DA:50,10
DA:51,9
DA:57,11
LF:27
LH:26
BRDA:19,0,0,11
BRDA:19,1,0,11
BRDA:19,2,0,11
BRDA:21,3,0,11
BRDA:21,3,1,1
BRDA:22,4,0,0
BRDA:22,4,1,21
BRDA:23,5,0,21
BRDA:23,5,1,10
BRDA:34,6,0,21
BRDA:34,6,1,10
BRDA:34,7,0,2
BRDA:34,7,1,8
BRDA:35,8,0,21
BRDA:35,8,1,0
BRDA:35,9,0,21
BRDA:35,9,1,2
BRDA:38,10,0,9
BRDA:38,10,1,0
BRDA:38,11,0,9
BRDA:38,11,1,0
BRDA:39,12,0,9
BRDA:39,12,1,0
BRDA:40,13,0,0
BRDA:40,13,1,0
BRDA:40,13,2,0
BRDA:40,13,3,0
BRDA:41,14,0,9
BRDA:41,14,1,0
BRDA:41,14,2,0
BRDA:41,14,3,0
BRDA:46,15,0,10
BRDA:46,15,1,10
BRDA:47,16,0,6
BRDA:47,16,1,4
BRDA:50,17,0,9
BRDA:50,17,1,1
BRDA:52,18,0,9
BRDA:52,18,1,4
BRDA:52,18,2,1
BRDA:53,19,0,9
BRDA:53,19,1,7
BRDA:53,19,2,7
BRF:43
BRH:31
end_of_record
TN:
SF:src/clawsupport/utils/meterValidation.js
FN:8,validateMeterReading
FN:35,(anonymous_1)
FN:47,(anonymous_2)
FN:61,is2BoothType
FNF:4
FNH:4
FNDA:10,validateMeterReading
FNDA:16,(anonymous_1)
FNDA:12,(anonymous_2)
FNDA:7,is2BoothType
DA:9,10
DA:10,10
DA:11,10
DA:13,10
DA:14,1
DA:17,10
DA:19,4
DA:20,0
DA:22,4
DA:23,1
DA:26,4
DA:27,1
DA:28,1
DA:30,4
DA:31,0
DA:32,0
DA:35,16
DA:36,4
DA:37,1
DA:40,6
DA:41,1
DA:43,6
DA:44,1
DA:45,1
DA:47,12
DA:48,6
DA:49,1
DA:53,10
DA:54,1
DA:57,10
DA:62,7
LF:31
LH:28
BRDA:11,0,0,10
BRDA:11,0,1,0
BRDA:13,1,0,1
BRDA:13,1,1,9
BRDA:17,2,0,4
BRDA:17,2,1,6
BRDA:19,3,0,0
BRDA:19,3,1,4
BRDA:19,4,0,4
BRDA:19,4,1,2
BRDA:19,4,2,2
BRDA:19,4,3,2
BRDA:22,5,0,1
BRDA:22,5,1,3
BRDA:22,6,0,4
BRDA:22,6,1,2
BRDA:22,6,2,2
BRDA:22,6,3,2
BRDA:26,7,0,1
BRDA:26,7,1,3
BRDA:26,8,0,4
BRDA:26,8,1,4
BRDA:26,8,2,4
BRDA:30,9,0,0
BRDA:30,9,1,4
BRDA:30,10,0,4
BRDA:30,10,1,3
BRDA:30,10,2,3
BRDA:36,11,0,1
BRDA:36,11,1,3
BRDA:40,12,0,1
BRDA:40,12,1,5
BRDA:40,13,0,6
BRDA:40,13,1,2
BRDA:40,13,2,2
BRDA:40,13,3,2
BRDA:43,14,0,1
BRDA:43,14,1,5
BRDA:43,15,0,6
BRDA:43,15,1,6
BRDA:43,15,2,5
BRDA:48,16,0,1
BRDA:48,16,1,5
BRDA:53,17,0,1
BRDA:53,17,1,9
BRDA:53,18,0,10
BRDA:53,18,1,10
BRF:47
BRH:44
end_of_record
TN:
SF:src/clawsupport/utils/patrolStockCalc.js
FN:9,mapMetersToColumns
FN:14,(anonymous_1)
FN:19,(anonymous_2)
FN:20,(anonymous_3)
FN:28,theoreticalStock
FNF:5
FNH:5
FNDA:9,mapMetersToColumns
FNDA:31,(anonymous_1)
FNDA:10,(anonymous_2)
FNDA:1,(anonymous_3)
FNDA:13,theoreticalStock
DA:10,9
DA:11,9
DA:12,9
DA:13,9
DA:14,41
DA:15,41
DA:17,9
DA:18,9
DA:19,10
DA:20,1
DA:21,9
DA:22,9
DA:29,13
DA:30,10
DA:31,13
DA:32,13
LF:16
LH:16
BRDA:10,0,0,7
BRDA:10,0,1,2
BRDA:14,1,0,31
BRDA:14,1,1,5
BRDA:15,2,0,4
BRDA:15,2,1,37
BRDA:19,3,0,10
BRDA:19,3,1,4
BRDA:21,4,0,3
BRDA:21,4,1,6
BRDA:29,5,0,3
BRDA:29,5,1,10
BRDA:30,6,0,10
BRDA:30,6,1,2
BRDA:31,7,0,7
BRDA:31,7,1,3
BRDA:31,8,0,13
BRDA:31,8,1,9
BRDA:31,8,2,8
BRF:19
BRH:19
end_of_record
TN:
SF:src/collection/lib/collectionCalc.js
FN:13,(anonymous_0)
FN:16,genCollectionId
FN:22,boothTotal
FN:23,(anonymous_3)
FN:27,grandTotal
FN:28,(anonymous_5)
FN:32,denominationSummary
FN:33,(anonymous_7)
FN:34,(anonymous_8)
FN:37,(anonymous_9)
FNF:10
FNH:10
FNDA:2,(anonymous_0)
FNDA:2,genCollectionId
FNDA:4,boothTotal
FNDA:24,(anonymous_3)
FNDA:1,grandTotal
FNDA:2,(anonymous_5)
FNDA:1,denominationSummary
FNDA:6,(anonymous_7)
FNDA:12,(anonymous_8)
FNDA:6,(anonymous_9)
DA:4,1
DA:13,2
DA:17,2
DA:18,2
DA:23,24
DA:28,2
DA:33,1
DA:34,12
DA:35,6
DA:37,6
LF:10
LH:10
BRDA:23,0,0,24
BRDA:23,0,1,19
BRDA:28,1,0,1
BRDA:28,1,1,0
BRDA:34,2,0,6
BRDA:34,2,1,0
BRDA:34,3,0,12
BRDA:34,3,1,8
BRF:8
BRH:6
end_of_record
TN:
SF:src/components/ErrorDisplay.jsx
FN:20,classifyError
FN:37,ErrorDisplay
FN:65,(anonymous_2)
FNF:3
FNH:1
FNDA:0,classifyError
FNDA:3,ErrorDisplay
FNDA:0,(anonymous_2)
DA:7,4
DA:21,0
DA:22,0
DA:23,0
DA:24,0
DA:25,0
DA:26,0
DA:27,0
DA:38,3
DA:39,3
DA:41,0
DA:42,3
DA:43,3
DA:45,3
DA:65,0
LF:15
LH:6
BRDA:21,0,0,0
BRDA:21,0,1,0
BRDA:21,1,0,0
BRDA:21,1,1,0
BRDA:22,2,0,0
BRDA:22,2,1,0
BRDA:22,3,0,0
BRDA:22,3,1,0
BRDA:22,3,2,0
BRDA:22,3,3,0
BRDA:23,4,0,0
BRDA:23,4,1,0
BRDA:23,5,0,0
BRDA:23,5,1,0
BRDA:23,5,2,0
BRDA:23,5,3,0
BRDA:24,6,0,0
BRDA:24,6,1,0
BRDA:24,7,0,0
BRDA:24,7,1,0
BRDA:25,8,0,0
BRDA:25,8,1,0
BRDA:25,9,0,0
BRDA:25,9,1,0
BRDA:25,9,2,0
BRDA:26,10,0,0
BRDA:26,10,1,0
BRDA:26,11,0,0
BRDA:26,11,1,0
BRDA:26,11,2,0
BRDA:26,11,3,0
BRDA:39,12,0,3
BRDA:39,12,1,0
BRDA:39,13,0,3
BRDA:39,13,1,0
BRDA:41,14,0,0
BRDA:41,14,1,0
BRDA:41,15,0,0
BRDA:41,15,1,0
BRDA:42,16,0,3
BRDA:42,16,1,0
BRDA:43,17,0,3
BRDA:43,17,1,0
BRDA:53,18,0,3
BRDA:53,18,1,0
BRDA:59,19,0,0
BRDA:59,19,1,0
BRF:47
BRH:5
end_of_record
TN:
SF:src/components/LogoutButton.jsx
FN:7,LogoutButton
FN:10,(anonymous_1)
FNF:2
FNH:1
FNDA:34,LogoutButton
FNDA:0,(anonymous_1)
DA:8,34
DA:9,34
DA:10,0
LF:3
LH:2
BRDA:7,0,0,34
BRDA:11,1,0,34
BRDA:11,1,1,34
BRF:3
BRH:3
end_of_record
TN:
SF:src/components/ProtectedRoute.jsx
FN:9,redirectToPortal
FN:17,ProtectedRoute
FN:29,RoleRoute
FN:38,AdminRoute
FN:39,ManagerRoute
FN:40,PatrolRoute
FNF:6
FNH:6
FNDA:2,redirectToPortal
FNDA:2,ProtectedRoute
FNDA:20,RoleRoute
FNDA:6,AdminRoute
FNDA:12,ManagerRoute
FNDA:2,PatrolRoute
DA:10,2
DA:11,2
DA:18,2
DA:19,2
DA:20,2
DA:21,1
DA:30,20
DA:31,20
DA:32,19
DA:33,18
DA:34,10
DA:38,6
DA:39,12
DA:40,2
LF:14
LH:14
BRDA:19,0,0,0
BRDA:19,0,1,2
BRDA:20,1,0,1
BRDA:20,1,1,1
BRDA:29,2,0,20
BRDA:31,3,0,1
BRDA:31,3,1,19
BRDA:32,4,0,1
BRDA:32,4,1,18
BRDA:33,5,0,8
BRDA:33,5,1,10
BRF:11
BRH:10
end_of_record
TN:
SF:src/components/RoleGuard.jsx
FN:12,RoleGuard
FNF:1
FNH:1
FNDA:5,RoleGuard
DA:13,5
DA:14,5
DA:15,1
LF:3
LH:3
BRDA:14,0,0,4
BRDA:14,0,1,1
BRDA:14,1,0,4
BRDA:14,1,1,3
BRF:4
BRH:4
end_of_record
TN:
SF:src/constants/phaseLabels.js
FN:43,(anonymous_0)
FN:47,getPhaseLabel
FN:53,getPhaseBadgeClass
FNF:3
FNH:3
FNDA:4,(anonymous_0)
FNDA:9,getPhaseLabel
FNDA:6,getPhaseBadgeClass
DA:7,1
DA:15,1
DA:18,1
DA:25,1
DA:33,1
DA:42,1
DA:43,4
DA:48,9
DA:49,6
DA:54,6
DA:55,3
LF:11
LH:11
BRDA:48,0,0,3
BRDA:48,0,1,6
BRDA:48,1,0,9
BRDA:48,1,1,7
BRDA:49,2,0,6
BRDA:49,2,1,2
BRDA:54,3,0,3
BRDA:54,3,1,3
BRDA:54,4,0,6
BRDA:54,4,1,4
BRDA:55,5,0,3
BRDA:55,5,1,1
BRF:12
BRH:12
end_of_record
TN:
SF:src/hooks/useArrivalOrders.js
FN:17,useArrivalOrders
FN:21,(anonymous_1)
FN:65,(anonymous_2)
FNF:3
FNH:3
FNDA:12,useArrivalOrders
FNDA:6,(anonymous_1)
FNDA:6,(anonymous_2)
DA:9,1
DA:18,12
DA:19,12
DA:21,12
DA:22,6
DA:23,6
DA:24,6
DA:25,6
DA:26,6
DA:27,6
DA:29,6
DA:31,6
DA:35,6
DA:39,6
DA:44,6
DA:45,3
DA:46,3
DA:47,3
DA:49,6
DA:50,2
DA:51,2
DA:52,2
DA:55,6
DA:57,6
DA:62,6
DA:65,12
DA:67,12
LF:27
LH:27
BRDA:44,0,0,3
BRDA:44,0,1,3
BRDA:49,1,0,2
BRDA:49,1,1,4
BRDA:58,2,0,6
BRDA:58,2,1,0
BRDA:59,3,0,6
BRDA:59,3,1,0
BRDA:60,4,0,6
BRDA:60,4,1,0
BRF:10
BRH:7
end_of_record
TN:
SF:src/hooks/useAsync.js
FN:18,useAsync
FN:23,(anonymous_1)
FN:39,(anonymous_2)
FN:42,(anonymous_3)
FN:65,useAsyncData
FN:72,(anonymous_5)
FN:74,(anonymous_6)
FN:85,(anonymous_7)
FNF:8
FNH:1
FNDA:10,useAsync
FNDA:0,(anonymous_1)
FNDA:0,(anonymous_2)
FNDA:0,(anonymous_3)
FNDA:0,useAsyncData
FNDA:0,(anonymous_5)
FNDA:0,(anonymous_6)
FNDA:0,(anonymous_7)
DA:19,10
DA:20,10
DA:21,10
DA:23,10
DA:24,0
DA:25,0
DA:26,0
DA:27,0
DA:28,0
DA:29,0
DA:30,0
DA:32,0
DA:33,0
DA:34,0
DA:35,0
DA:39,10
DA:42,10
DA:43,0
DA:44,0
DA:51,10
DA:53,10
DA:66,0
DA:67,0
DA:68,0
DA:72,0
DA:73,0
DA:74,0
DA:75,0
DA:76,0
DA:77,0
DA:79,0
DA:80,0
DA:81,0
DA:85,0
DA:88,0
LF:35
LH:8
BRDA:32,0,0,0
BRDA:32,0,1,0
BRDA:43,1,0,0
BRDA:43,1,1,0
BRDA:51,2,0,0
BRDA:51,2,1,10
BRDA:65,3,0,0
BRDA:77,4,0,0
BRDA:77,4,1,0
BRDA:79,5,0,0
BRDA:79,5,1,0
BRDA:80,6,0,0
BRDA:80,6,1,0
BRF:13
BRH:1
end_of_record
TN:
SF:src/hooks/useAuth.js
FNF:0
FNH:0
LF:0
LH:0
BRF:0
BRH:0
end_of_record
TN:
SF:src/hooks/useDrafts.js
FN:8,getDrafts
FN:12,setDrafts
FN:16,clearDraftBooth
FN:22,clearDraftBooths
FN:28,saveDraftBooth
FN:34,getDraftBooth
FNF:6
FNH:6
FNDA:14,getDrafts
FNDA:8,setDrafts
FNDA:1,clearDraftBooth
FNDA:1,clearDraftBooths
FNDA:6,saveDraftBooth
FNDA:4,getDraftBooth
DA:6,1
DA:9,14
DA:13,8
DA:17,1
DA:18,1
DA:19,1
DA:23,1
DA:24,2
DA:25,1
DA:29,6
DA:30,6
DA:31,6
DA:35,4
LF:13
LH:13
BRDA:9,0,0,14
BRDA:9,0,1,4
BRDA:35,1,0,4
BRDA:35,1,1,2
BRF:4
BRH:4
end_of_record
TN:
SF:src/hooks/useFeatureFlag.js
FN:19,useFeatureFlag
FN:23,(anonymous_1)
FN:28,(anonymous_2)
FN:42,(anonymous_3)
FNF:4
FNH:4
FNDA:39,useFeatureFlag
FNDA:13,(anonymous_1)
FNDA:13,(anonymous_2)
FNDA:7,(anonymous_3)
DA:17,1
DA:20,39
DA:21,39
DA:23,39
DA:28,39
DA:29,13
DA:30,0
DA:31,0
DA:33,13
DA:34,6
DA:35,6
DA:37,7
DA:44,7
DA:45,7
DA:46,7
DA:50,39
LF:16
LH:14
BRDA:24,0,0,13
BRDA:24,0,1,13
BRDA:24,0,2,7
BRDA:25,1,0,13
BRDA:25,1,1,13
BRDA:29,2,0,0
BRDA:29,2,1,13
BRDA:33,3,0,6
BRDA:33,3,1,7
BRDA:44,4,0,0
BRDA:44,4,1,7
BRF:11
BRH:9
end_of_record
TN:
SF:src/hooks/useListSort.js
FN:9,typeOfValue
FN:21,compareValues
FN:35,useListSort
FN:39,(anonymous_3)
FN:41,(anonymous_4)
FN:43,(anonymous_5)
FN:51,(anonymous_6)
FN:55,(anonymous_7)
FN:68,(anonymous_8)
FN:73,(anonymous_9)
FNF:10
FNH:10
FNDA:38,typeOfValue
FNDA:22,compareValues
FNDA:20,useListSort
FNDA:9,(anonymous_3)
FNDA:9,(anonymous_4)
FNDA:3,(anonymous_5)
FNDA:7,(anonymous_6)
FNDA:23,(anonymous_7)
FNDA:1,(anonymous_8)
FNDA:16,(anonymous_9)
DA:7,1
DA:10,38
DA:11,38
DA:12,14
DA:13,14
DA:14,14
DA:15,4
DA:16,2
DA:18,0
DA:23,22
DA:24,21
DA:25,20
DA:26,19
DA:27,19
DA:28,19
DA:29,6
DA:30,5
DA:32,1
DA:36,20
DA:37,20
DA:39,20
DA:40,9
DA:41,9
DA:42,9
DA:43,3
DA:44,3
DA:46,6
DA:47,6
DA:51,20
DA:52,7
DA:53,7
DA:54,5
DA:55,5
DA:56,23
DA:57,23
DA:59,23
DA:60,23
DA:61,13
DA:62,13
DA:63,13
DA:65,5
DA:68,20
DA:69,1
DA:70,1
DA:73,20
LF:45
LH:44
BRDA:10,0,0,0
BRDA:10,0,1,38
BRDA:11,1,0,24
BRDA:11,1,1,14
BRDA:12,2,0,0
BRDA:12,2,1,14
BRDA:13,3,0,14
BRDA:13,3,1,0
BRDA:14,4,0,10
BRDA:14,4,1,4
BRDA:15,5,0,2
BRDA:15,5,1,2
BRDA:23,6,0,1
BRDA:23,6,1,21
BRDA:23,7,0,22
BRDA:23,7,1,2
BRDA:24,8,0,1
BRDA:24,8,1,20
BRDA:25,9,0,1
BRDA:25,9,1,19
BRDA:28,10,0,13
BRDA:28,10,1,6
BRDA:28,11,0,19
BRDA:28,11,1,13
BRDA:29,12,0,5
BRDA:29,12,1,1
BRDA:29,13,0,6
BRDA:29,13,1,5
BRDA:35,14,0,20
BRDA:37,15,0,20
BRDA:37,15,1,0
BRDA:40,16,0,0
BRDA:40,16,1,9
BRDA:42,17,0,3
BRDA:42,17,1,6
BRDA:43,18,0,3
BRDA:43,18,1,0
BRDA:52,19,0,0
BRDA:52,19,1,7
BRDA:53,20,0,2
BRDA:53,20,1,5
BRDA:59,21,0,0
BRDA:59,21,1,23
BRDA:59,22,0,23
BRDA:59,22,1,10
BRDA:60,23,0,10
BRDA:60,23,1,13
BRDA:61,24,0,0
BRDA:61,24,1,13
BRDA:63,25,0,6
BRDA:63,25,1,7
BRDA:70,26,0,1
BRDA:70,26,1,0
BRF:53
BRH:43
end_of_record
TN:
SF:src/hooks/useMeterCalc.js
FN:18,calcMeterStats
FNF:1
FNH:1
FNDA:5,calcMeterStats
DA:19,5
DA:20,5
DA:21,5
DA:22,5
DA:24,5
DA:25,5
DA:27,5
DA:28,5
DA:30,5
DA:31,5
DA:35,5
LF:11
LH:11
BRDA:18,0,0,5
BRDA:19,1,0,4
BRDA:19,1,1,1
BRDA:19,2,0,5
BRDA:19,2,1,4
BRDA:20,3,0,4
BRDA:20,3,1,1
BRDA:20,4,0,5
BRDA:20,4,1,4
BRDA:21,5,0,5
BRDA:21,5,1,0
BRDA:21,6,0,5
BRDA:21,6,1,5
BRDA:22,7,0,4
BRDA:22,7,1,1
BRDA:22,8,0,5
BRDA:22,8,1,4
BRDA:24,9,0,4
BRDA:24,9,1,1
BRDA:24,10,0,5
BRDA:24,10,1,5
BRDA:25,11,0,4
BRDA:25,11,1,1
BRDA:25,12,0,5
BRDA:25,12,1,4
BRDA:27,13,0,5
BRDA:27,13,1,4
BRDA:27,13,2,3
BRDA:28,14,0,5
BRDA:28,14,1,4
BRDA:30,15,0,3
BRDA:30,15,1,2
BRDA:30,16,0,5
BRDA:30,16,1,4
BRDA:31,17,0,2
BRDA:31,17,1,3
BRDA:31,18,0,5
BRDA:31,18,1,4
BRDA:31,18,2,4
BRF:39
BRH:38
end_of_record
TN:
SF:src/hooks/usePatrolForm.js
FN:9,detectPattern
FN:17,makeOut
FN:18,(anonymous_2)
FN:20,makeTouchedOut
FN:21,(anonymous_4)
FN:23,makeInitialSection
FN:36,usePatrolForm
FN:41,(anonymous_7)
FN:42,(anonymous_8)
FN:51,(anonymous_9)
FN:57,(anonymous_10)
FN:75,(anonymous_11)
FN:93,(anonymous_12)
FN:117,(anonymous_13)
FN:121,(anonymous_14)
FN:122,(anonymous_15)
FN:126,(anonymous_16)
FN:127,(anonymous_17)
FN:131,(anonymous_18)
FN:132,(anonymous_19)
FN:134,(anonymous_20)
FN:136,(anonymous_21)
FN:137,(anonymous_22)
FN:138,(anonymous_23)
FN:143,(anonymous_24)
FN:144,(anonymous_25)
FN:145,(anonymous_26)
FN:146,(anonymous_27)
FN:152,(anonymous_28)
FN:153,(anonymous_29)
FN:154,(anonymous_30)
FN:155,(anonymous_31)
FN:160,(anonymous_32)
FN:161,(anonymous_33)
FN:165,(anonymous_34)
FN:166,(anonymous_35)
FN:169,(anonymous_36)
FN:170,(anonymous_37)
FN:171,(anonymous_38)
FN:172,(anonymous_39)
FN:177,(anonymous_40)
FN:178,(anonymous_41)
FN:179,(anonymous_42)
FN:180,(anonymous_43)
FN:185,(anonymous_44)
FN:186,(anonymous_45)
FN:190,(anonymous_46)
FN:200,(anonymous_47)
FN:217,(anonymous_48)
FN:219,(anonymous_49)
FN:221,(anonymous_50)
FN:226,(anonymous_51)
FN:229,(anonymous_52)
FN:231,(anonymous_53)
FN:242,(anonymous_54)
FN:244,(anonymous_55)
FN:246,(anonymous_56)
FN:251,(anonymous_57)
FN:254,(anonymous_58)
FN:256,(anonymous_59)
FN:260,(anonymous_60)
FN:268,(anonymous_61)
FN:281,(anonymous_62)
FN:297,(anonymous_63)
FN:303,(anonymous_64)
FN:305,(anonymous_65)
FN:308,(anonymous_66)
FN:323,(anonymous_67)
FN:340,(anonymous_68)
FN:342,(anonymous_69)
FN:356,(anonymous_70)
FN:368,(anonymous_71)
FN:370,(anonymous_72)
FN:384,(anonymous_73)
FN:394,(anonymous_74)
FN:404,(anonymous_75)
FNF:76
FNH:32
FNDA:31,detectPattern
FNDA:8,makeOut
FNDA:9,(anonymous_2)
FNDA:8,makeTouchedOut
FNDA:9,(anonymous_4)
FNDA:8,makeInitialSection
FNDA:27,usePatrolForm
FNDA:8,(anonymous_7)
FNDA:8,(anonymous_8)
FNDA:8,(anonymous_9)
FNDA:2,(anonymous_10)
FNDA:8,(anonymous_11)
FNDA:9,(anonymous_12)
FNDA:0,(anonymous_13)
FNDA:8,(anonymous_14)
FNDA:0,(anonymous_15)
FNDA:0,(anonymous_16)
FNDA:0,(anonymous_17)
FNDA:0,(anonymous_18)
FNDA:0,(anonymous_19)
FNDA:0,(anonymous_20)
FNDA:0,(anonymous_21)
FNDA:0,(anonymous_22)
FNDA:0,(anonymous_23)
FNDA:0,(anonymous_24)
FNDA:0,(anonymous_25)
FNDA:0,(anonymous_26)
FNDA:0,(anonymous_27)
FNDA:0,(anonymous_28)
FNDA:0,(anonymous_29)
FNDA:0,(anonymous_30)
FNDA:0,(anonymous_31)
FNDA:0,(anonymous_32)
FNDA:0,(anonymous_33)
FNDA:0,(anonymous_34)
FNDA:0,(anonymous_35)
FNDA:0,(anonymous_36)
FNDA:0,(anonymous_37)
FNDA:0,(anonymous_38)
FNDA:0,(anonymous_39)
FNDA:0,(anonymous_40)
FNDA:0,(anonymous_41)
FNDA:0,(anonymous_42)
FNDA:0,(anonymous_43)
FNDA:0,(anonymous_44)
FNDA:0,(anonymous_45)
FNDA:19,(anonymous_46)
FNDA:6,(anonymous_47)
FNDA:11,(anonymous_48)
FNDA:3,(anonymous_49)
FNDA:3,(anonymous_50)
FNDA:9,(anonymous_51)
FNDA:27,(anonymous_52)
FNDA:21,(anonymous_53)
FNDA:16,(anonymous_54)
FNDA:8,(anonymous_55)
FNDA:9,(anonymous_56)
FNDA:21,(anonymous_57)
FNDA:27,(anonymous_58)
FNDA:21,(anonymous_59)
FNDA:95,(anonymous_60)
FNDA:0,(anonymous_61)
FNDA:0,(anonymous_62)
FNDA:0,(anonymous_63)
FNDA:19,(anonymous_64)
FNDA:11,(anonymous_65)
FNDA:12,(anonymous_66)
FNDA:0,(anonymous_67)
FNDA:0,(anonymous_68)
FNDA:0,(anonymous_69)
FNDA:0,(anonymous_70)
FNDA:0,(anonymous_71)
FNDA:0,(anonymous_72)
FNDA:0,(anonymous_73)
FNDA:0,(anonymous_74)
FNDA:0,(anonymous_75)
DA:10,31
DA:11,11
DA:12,6
DA:13,5
DA:14,4
DA:18,9
DA:21,9
DA:24,8
DA:37,27
DA:38,27
DA:39,27
DA:40,27
DA:41,27
DA:42,27
DA:43,8
DA:44,8
DA:47,27
DA:48,27
DA:51,27
DA:52,8
DA:53,8
DA:56,8
DA:58,2
DA:59,2
DA:60,2
DA:72,8
DA:76,8
DA:77,8
DA:78,8
DA:79,8
DA:80,8
DA:83,8
DA:84,8
DA:85,8
DA:88,8
DA:93,8
DA:94,9
DA:95,9
DA:96,9
DA:97,9
DA:106,8
DA:107,8
DA:108,8
DA:109,8
DA:110,8
DA:112,8
DA:115,8
DA:116,8
DA:117,0
DA:121,27
DA:122,8
DA:126,27
DA:127,0
DA:131,27
DA:132,0
DA:134,27
DA:135,0
DA:136,0
DA:137,0
DA:138,0
DA:139,0
DA:143,27
DA:144,0
DA:145,0
DA:146,0
DA:147,0
DA:152,27
DA:153,0
DA:154,0
DA:155,0
DA:156,0
DA:160,27
DA:161,0
DA:165,27
DA:166,0
DA:169,27
DA:170,0
DA:171,0
DA:172,0
DA:173,0
DA:177,27
DA:178,0
DA:179,0
DA:180,0
DA:181,0
DA:185,27
DA:186,0
DA:190,27
DA:191,19
DA:192,6
DA:193,19
DA:194,19
DA:196,19
DA:197,19
DA:198,19
DA:200,19
DA:201,6
DA:202,6
DA:203,6
DA:204,6
DA:205,6
DA:206,6
DA:207,6
DA:210,19
DA:213,19
DA:217,27
DA:218,11
DA:219,3
DA:222,3
DA:223,3
DA:226,9
DA:229,27
DA:230,27
DA:231,19
DA:232,21
DA:233,21
DA:234,21
DA:235,21
DA:236,21
DA:237,21
DA:238,21
DA:242,27
DA:243,16
DA:244,8
DA:247,9
DA:248,9
DA:251,21
DA:254,27
DA:255,27
DA:256,19
DA:257,21
DA:259,19
DA:260,19
DA:261,95
DA:263,19
DA:264,19
DA:268,27
DA:269,0
DA:270,0
DA:271,0
DA:272,0
DA:273,0
DA:274,0
DA:279,0
DA:280,0
DA:281,0
DA:290,0
DA:291,0
DA:292,0
DA:294,0
DA:297,27
DA:298,0
DA:299,0
DA:303,27
DA:304,19
DA:305,11
DA:308,12
DA:323,27
DA:324,0
DA:325,0
DA:326,0
DA:340,0
DA:341,0
DA:342,0
DA:356,27
DA:357,0
DA:358,0
DA:359,0
DA:360,0
DA:368,0
DA:369,0
DA:370,0
DA:384,27
DA:385,0
DA:386,0
DA:389,0
DA:390,0
DA:394,0
DA:396,0
DA:404,0
DA:405,0
DA:407,0
DA:408,0
DA:420,0
DA:422,0
DA:426,27
DA:427,27
DA:429,27
LF:188
LH:121
BRDA:10,0,0,20
BRDA:10,0,1,11
BRDA:10,1,0,1
BRDA:10,1,1,19
BRDA:11,2,0,5
BRDA:11,2,1,6
BRDA:11,3,0,4
BRDA:11,3,1,1
BRDA:12,4,0,1
BRDA:12,4,1,5
BRDA:12,5,0,6
BRDA:12,5,1,3
BRDA:13,6,0,1
BRDA:13,6,1,4
BRDA:13,7,0,5
BRDA:13,7,1,2
BRDA:52,8,0,0
BRDA:52,8,1,8
BRDA:56,9,0,2
BRDA:56,9,1,6
BRDA:56,10,0,8
BRDA:56,10,1,2
BRDA:58,11,0,2
BRDA:58,11,1,0
BRDA:59,12,0,2
BRDA:59,12,1,0
BRDA:61,13,0,2
BRDA:61,13,1,0
BRDA:63,14,0,2
BRDA:63,14,1,0
BRDA:64,15,0,2
BRDA:64,15,1,0
BRDA:65,16,0,2
BRDA:65,16,1,0
BRDA:66,17,0,2
BRDA:66,17,1,2
BRDA:67,18,0,2
BRDA:67,18,1,0
BRDA:73,19,0,2
BRDA:73,19,1,6
BRDA:76,20,0,8
BRDA:76,20,1,0
BRDA:77,21,0,8
BRDA:77,21,1,0
BRDA:77,21,2,0
BRDA:80,22,0,8
BRDA:80,22,1,5
BRDA:85,23,0,2
BRDA:85,23,1,6
BRDA:95,24,0,8
BRDA:95,24,1,1
BRDA:95,25,0,1
BRDA:95,25,1,0
BRDA:96,26,0,8
BRDA:96,26,1,1
BRDA:96,27,0,1
BRDA:96,27,1,0
BRDA:99,28,0,2
BRDA:99,28,1,7
BRDA:100,29,0,0
BRDA:100,29,1,9
BRDA:100,30,0,0
BRDA:100,30,1,0
BRDA:100,31,0,0
BRDA:100,31,1,0
BRDA:101,32,0,9
BRDA:101,32,1,8
BRDA:102,33,0,9
BRDA:102,33,1,8
BRDA:103,34,0,1
BRDA:103,34,1,8
BRDA:106,35,0,8
BRDA:106,35,1,8
BRDA:107,36,0,8
BRDA:107,36,1,8
BRDA:108,37,0,8
BRDA:108,37,1,8
BRDA:109,38,0,8
BRDA:109,38,1,8
BRDA:110,39,0,8
BRDA:110,39,1,8
BRDA:122,40,0,0
BRDA:122,40,1,8
BRDA:132,41,0,0
BRDA:132,41,1,0
BRDA:137,42,0,0
BRDA:137,42,1,0
BRDA:137,43,0,0
BRDA:137,43,1,0
BRDA:138,44,0,0
BRDA:138,44,1,0
BRDA:145,45,0,0
BRDA:145,45,1,0
BRDA:146,46,0,0
BRDA:146,46,1,0
BRDA:154,47,0,0
BRDA:154,47,1,0
BRDA:155,48,0,0
BRDA:155,48,1,0
BRDA:171,49,0,0
BRDA:171,49,1,0
BRDA:172,50,0,0
BRDA:172,50,1,0
BRDA:179,51,0,0
BRDA:179,51,1,0
BRDA:180,52,0,0
BRDA:180,52,1,0
BRDA:191,53,0,13
BRDA:191,53,1,6
BRDA:191,54,0,19
BRDA:191,54,1,11
BRDA:192,55,0,4
BRDA:192,55,1,2
BRDA:193,56,0,0
BRDA:193,56,1,6
BRDA:193,57,0,19
BRDA:193,57,1,0
BRDA:194,58,0,4
BRDA:194,58,1,2
BRDA:194,59,0,19
BRDA:194,59,1,4
BRDA:201,60,0,4
BRDA:201,60,1,2
BRDA:202,61,0,0
BRDA:202,61,1,6
BRDA:202,62,0,6
BRDA:202,62,1,0
BRDA:203,63,0,4
BRDA:203,63,1,2
BRDA:203,64,0,6
BRDA:203,64,1,4
BRDA:204,65,0,6
BRDA:204,65,1,6
BRDA:205,66,0,6
BRDA:205,66,1,6
BRDA:206,67,0,4
BRDA:206,67,1,2
BRDA:206,68,0,0
BRDA:206,68,1,4
[...]
DA:93,3
DA:94,3
DA:95,3
DA:99,4
DA:100,2
DA:101,2
DA:102,1
DA:103,1
DA:105,3
DA:106,3
DA:108,3
DA:109,3
DA:110,3
DA:111,3
DA:112,3
DA:113,3
DA:115,3
LF:51
LH:49
BRDA:3,0,0,0
BRDA:3,0,1,2
BRDA:4,1,0,0
BRDA:4,1,1,2
BRDA:6,2,0,1
BRDA:6,2,1,1
BRDA:29,3,0,8
BRDA:29,4,0,8
BRDA:30,5,0,2
BRDA:30,5,1,6
BRDA:30,6,0,8
BRDA:30,6,1,8
BRDA:31,7,0,0
BRDA:31,7,1,6
BRDA:47,8,0,7
BRDA:47,9,0,7
BRDA:48,10,0,0
BRDA:48,10,1,7
BRDA:51,11,0,1
BRDA:51,11,1,6
BRDA:53,12,0,4
BRDA:53,12,1,2
BRDA:55,13,0,1
BRDA:55,13,1,3
BRDA:70,14,0,6
BRDA:70,14,1,6
BRDA:71,15,0,6
BRDA:71,15,1,6
BRDA:71,15,2,6
BRDA:72,16,0,6
BRDA:72,16,1,6
BRDA:73,17,0,6
BRDA:73,17,1,6
BRDA:75,18,0,5
BRDA:75,18,1,1
BRDA:91,19,0,3
BRDA:93,20,0,0
BRDA:93,20,1,3
BRDA:99,21,0,2
BRDA:99,21,1,2
BRDA:101,22,0,1
BRDA:101,22,1,1
BRDA:105,23,0,3
BRDA:105,23,1,0
BRF:44
BRH:38
end_of_record
TN:
SF:src/services/utils.js
FN:5,parseNum
FN:12,getCache
FN:13,setCache
FN:14,clearCache
FN:14,(anonymous_4)
FN:16,isOldEnough
FN:28,supName
FNF:7
FNH:7
FNDA:48,parseNum
FNDA:5,getCache
FNDA:11,setCache
FNDA:66,clearCache
FNDA:9,(anonymous_4)
FNDA:9,isOldEnough
FNDA:5,supName
DA:6,48
DA:7,41
DA:11,9
DA:12,5
DA:13,11
DA:14,66
DA:17,9
DA:18,8
DA:19,8
DA:20,7
DA:23,9
DA:28,5
LF:12
LH:12
BRDA:6,0,0,7
BRDA:6,0,1,41
BRDA:6,1,0,48
BRDA:6,1,1,47
BRDA:6,1,2,46
BRDA:17,2,0,1
BRDA:17,2,1,8
BRDA:19,3,0,1
BRDA:19,3,1,7
BRDA:28,4,0,5
BRDA:28,4,1,3
BRDA:28,4,2,2
BRF:12
BRH:12
end_of_record
TN:
SF:src/services/schemas/revenueQuery.js
FNF:0
FNH:0
DA:3,1
DA:12,1
DA:20,1
DA:28,1
LF:4
LH:4
BRF:0
BRH:0
end_of_record
TN:
SF:src/shared/hooks/useVersionCheck.js
FN:25,isDevMode
FN:29,logFetchFail
FN:36,useVersionCheck
FN:39,(anonymous_3)
FN:43,(anonymous_4)
FN:48,check
FN:71,(anonymous_6)
FN:81,handleVisibility
FN:86,(anonymous_8)
FN:97,defaultStorage
FNF:10
FNH:8
FNDA:9,isDevMode
FNDA:2,logFetchFail
FNDA:12,useVersionCheck
FNDA:9,(anonymous_3)
FNDA:0,(anonymous_4)
FNDA:9,check
FNDA:1,(anonymous_6)
FNDA:0,handleVisibility
FNDA:9,(anonymous_8)
FNDA:9,defaultStorage
DA:11,1
DA:12,1
DA:18,1
DA:19,1
DA:20,1
DA:26,9
DA:33,2
DA:37,12
DA:39,12
DA:40,9
DA:42,9
DA:43,9
DA:45,9
DA:46,9
DA:49,9
DA:50,9
DA:51,9
DA:52,8
DA:53,1
DA:54,1
DA:56,7
DA:57,7
DA:58,9
DA:59,6
DA:63,4
DA:64,9
DA:65,9
DA:68,3
DA:69,9
DA:70,3
DA:71,3
DA:74,1
DA:78,9
DA:79,9
DA:82,0
DA:84,9
DA:86,9
DA:87,9
DA:88,9
DA:89,9
DA:90,9
DA:94,12
DA:98,9
LF:43
LH:42
BRDA:26,0,0,9
BRDA:26,0,1,9
BRDA:26,0,2,9
BRDA:33,1,0,2
BRDA:33,1,1,0
BRDA:36,2,0,12
BRDA:36,3,0,12
BRDA:40,4,0,0
BRDA:40,4,1,9
BRDA:42,5,0,9
BRDA:42,5,1,9
BRDA:43,6,0,9
BRDA:43,6,1,0
BRDA:50,7,0,9
BRDA:50,7,1,0
BRDA:52,8,0,1
BRDA:52,8,1,7
BRDA:57,9,0,7
BRDA:57,9,1,1
BRDA:58,10,0,1
BRDA:58,10,1,8
BRDA:59,11,0,2
BRDA:59,11,1,4
BRDA:63,12,0,4
BRDA:63,12,1,0
BRDA:64,13,0,9
BRDA:64,13,1,2
BRDA:65,14,0,1
BRDA:65,14,1,8
BRDA:65,15,0,9
BRDA:65,15,1,2
BRDA:69,16,0,0
BRDA:69,16,1,9
BRDA:71,17,0,1
BRDA:71,17,1,0
BRDA:82,18,0,0
BRDA:82,18,1,0
BRDA:89,19,0,3
BRDA:89,19,1,6
BRF:39
BRH:30
end_of_record
TN:
SF:src/shared/lib/device.js
FN:7,isIPhone
FN:18,isCustomNumpadEnabled
FNF:2
FNH:1
FNDA:0,isIPhone
FNDA:78,isCustomNumpadEnabled
DA:8,0
DA:9,0
DA:19,78
DA:20,6
DA:22,72
LF:5
LH:3
BRDA:8,0,0,0
BRDA:8,0,1,0
BRDA:9,1,0,0
BRDA:9,1,1,0
BRDA:19,2,0,6
BRDA:19,2,1,72
BRDA:19,3,0,78
BRDA:19,3,1,78
BRF:8
BRH:4
end_of_record
TN:
SF:src/shared/nav/hierarchicalBack.js
FN:30,(anonymous_0)
FN:38,(anonymous_1)
FN:39,(anonymous_2)
FN:40,(anonymous_3)
FN:41,(anonymous_4)
FN:42,(anonymous_5)
FN:45,(anonymous_6)
FN:46,(anonymous_7)
FN:47,(anonymous_8)
FN:48,(anonymous_9)
FN:49,(anonymous_10)
FN:50,(anonymous_11)
FN:51,(anonymous_12)
FN:54,(anonymous_13)
FN:55,(anonymous_14)
FN:59,(anonymous_15)
FN:60,(anonymous_16)
FN:63,(anonymous_17)
FN:69,(anonymous_18)
FN:70,(anonymous_19)
FN:71,(anonymous_20)
FN:72,(anonymous_21)
FN:78,(anonymous_22)
FN:79,(anonymous_23)
FN:80,(anonymous_24)
FN:83,(anonymous_25)
FN:84,(anonymous_26)
FN:85,(anonymous_27)
FN:86,(anonymous_28)
FN:87,(anonymous_29)
FN:88,(anonymous_30)
FN:89,(anonymous_31)
FN:90,(anonymous_32)
FN:91,(anonymous_33)
FN:94,(anonymous_34)
FN:95,(anonymous_35)
FN:96,(anonymous_36)
FN:97,(anonymous_37)
FN:98,(anonymous_38)
FN:99,(anonymous_39)
FN:102,getHierarchicalParent
FN:114,useHierarchicalBack
FN:118,(anonymous_42)
FNF:43
FNH:22
FNDA:2,(anonymous_0)
FNDA:1,(anonymous_1)
FNDA:0,(anonymous_2)
FNDA:1,(anonymous_3)
FNDA:1,(anonymous_4)
FNDA:1,(anonymous_5)
FNDA:1,(anonymous_6)
FNDA:1,(anonymous_7)
FNDA:0,(anonymous_8)
FNDA:0,(anonymous_9)
FNDA:1,(anonymous_10)
FNDA:1,(anonymous_11)
FNDA:1,(anonymous_12)
FNDA:1,(anonymous_13)
FNDA:1,(anonymous_14)
FNDA:1,(anonymous_15)
FNDA:0,(anonymous_16)
FNDA:1,(anonymous_17)
FNDA:1,(anonymous_18)
FNDA:0,(anonymous_19)
FNDA:0,(anonymous_20)
FNDA:0,(anonymous_21)
FNDA:0,(anonymous_22)
FNDA:2,(anonymous_23)
FNDA:1,(anonymous_24)
FNDA:0,(anonymous_25)
FNDA:0,(anonymous_26)
FNDA:0,(anonymous_27)
FNDA:0,(anonymous_28)
FNDA:0,(anonymous_29)
FNDA:0,(anonymous_30)
FNDA:0,(anonymous_31)
FNDA:0,(anonymous_32)
FNDA:0,(anonymous_33)
FNDA:0,(anonymous_34)
FNDA:1,(anonymous_35)
FNDA:0,(anonymous_36)
FNDA:0,(anonymous_37)
FNDA:1,(anonymous_38)
FNDA:1,(anonymous_39)
FNDA:24,getHierarchicalParent
FNDA:39,useHierarchicalBack
FNDA:0,(anonymous_42)
DA:20,2
DA:25,2
DA:31,2
DA:32,2
DA:33,2
DA:34,2
DA:38,1
DA:39,0
DA:40,1
DA:41,1
DA:42,1
DA:45,1
DA:46,1
DA:47,0
DA:48,0
DA:49,1
DA:50,1
DA:51,1
DA:54,1
DA:55,1
DA:59,1
DA:60,0
DA:64,1
DA:65,1
DA:66,1
DA:67,1
DA:69,1
DA:70,0
DA:71,0
DA:73,0
DA:74,0
DA:75,0
DA:76,0
DA:78,0
DA:79,2
DA:80,1
DA:83,0
DA:84,0
DA:85,0
DA:86,0
DA:87,0
DA:88,0
DA:89,0
DA:90,0
DA:91,0
DA:94,0
DA:95,1
DA:96,0
DA:97,0
DA:98,1
DA:99,1
DA:103,24
DA:104,420
DA:105,22
DA:109,2
DA:110,2
DA:111,1
DA:115,39
DA:116,39
DA:117,39
DA:118,39
DA:119,0
DA:120,0
LF:63
LH:38
BRDA:34,0,0,1
BRDA:34,0,1,1
BRDA:34,1,0,2
BRDA:34,1,1,2
BRDA:67,2,0,1
BRDA:67,2,1,0
BRDA:76,3,0,0
BRDA:76,3,1,0
BRDA:102,4,0,24
BRDA:104,5,0,22
BRDA:104,5,1,398
BRDA:110,6,0,1
BRDA:110,6,1,1
BRDA:120,7,0,0
BRDA:120,7,1,0
BRF:15
BRH:10
end_of_record
TN:
SF:src/shared/ui/DateTime.jsx
FN:13,DateTime
FNF:1
FNH:1
FNDA:25,DateTime
DA:14,25
DA:16,25
DA:17,25
DA:19,25
DA:22,25
DA:23,2
DA:24,23
DA:25,7
DA:26,16
DA:27,0
DA:28,16
DA:29,16
DA:30,16
DA:31,16
DA:34,0
DA:35,0
DA:36,0
DA:39,25
LF:18
LH:14
BRDA:13,0,0,25
BRDA:14,1,0,0
BRDA:14,1,1,25
BRDA:16,2,0,2
BRDA:16,2,1,23
BRDA:17,3,0,0
BRDA:17,3,1,25
BRDA:22,4,0,2
BRDA:22,4,1,23
BRDA:24,5,0,7
BRDA:24,5,1,16
BRDA:26,6,0,0
BRDA:26,6,1,16
BRDA:28,7,0,16
BRDA:28,7,1,0
BRF:15
BRH:11
end_of_record
TN:
SF:src/shared/ui/PageHeader.jsx
FN:11,PageHeader
FN:25,(anonymous_1)
FNF:2
FNH:1
FNDA:2,PageHeader
FNDA:0,(anonymous_1)
DA:3,1
DA:12,2
DA:13,2
DA:14,2
DA:15,2
DA:25,0
LF:6
LH:5
BRDA:11,0,0,2
BRDA:11,1,0,2
BRDA:13,2,0,2
BRDA:13,2,1,0
BRDA:17,3,0,2
BRDA:17,3,1,0
BRDA:22,4,0,2
BRDA:22,4,1,0
BRDA:32,5,0,2
BRDA:32,5,1,2
BRDA:34,6,0,2
BRDA:34,6,1,2
BRDA:39,7,0,2
BRDA:39,7,1,0
BRDA:40,8,0,2
BRDA:40,8,1,0
BRDA:40,8,2,0
BRDA:42,9,0,2
BRDA:42,9,1,2
BRF:19
BRH:13
end_of_record
TN:
SF:src/stores/patrolListScrollStore.js
FN:8,(anonymous_0)
FN:14,(anonymous_1)
FN:15,(anonymous_2)
FN:23,(anonymous_3)
FN:24,(anonymous_4)
FN:30,(anonymous_5)
FN:31,(anonymous_6)
FN:33,(anonymous_7)
FN:34,(anonymous_8)
FNF:9
FNH:9
FNDA:1,(anonymous_0)
FNDA:5,(anonymous_1)
FNDA:5,(anonymous_2)
FNDA:2,(anonymous_3)
FNDA:2,(anonymous_4)
FNDA:1,(anonymous_5)
FNDA:1,(anonymous_6)
FNDA:1,(anonymous_7)
FNDA:1,(anonymous_8)
DA:8,1
DA:15,5
DA:16,5
DA:17,5
DA:18,4
DA:19,5
DA:24,2
DA:25,2
DA:26,2
DA:27,2
DA:31,1
DA:34,1
DA:35,1
DA:36,1
DA:37,1
LF:15
LH:15
BRDA:16,0,0,5
BRDA:16,0,1,3
BRDA:17,1,0,1
BRDA:17,1,1,4
BRDA:25,2,0,2
BRDA:25,2,1,1
BRF:6
BRH:6
end_of_record
TN:
SF:src/tanasupport/pages/LocationHubPage.jsx
FN:12,LocationHubPage
FN:24,(anonymous_1)
FN:26,load
FN:61,(anonymous_3)
FN:73,(anonymous_4)
FN:90,(anonymous_5)
FN:98,(anonymous_6)
FN:116,(anonymous_7)
FN:135,(anonymous_8)
FN:143,(anonymous_9)
FN:151,(anonymous_10)
FN:162,(anonymous_11)
FN:170,TaskTile
FNF:13
FNH:9
FNDA:14,LocationHubPage
FNDA:7,(anonymous_1)
FNDA:7,load
FNDA:7,(anonymous_3)
FNDA:0,(anonymous_4)
FNDA:0,(anonymous_5)
FNDA:0,(anonymous_6)
FNDA:1,(anonymous_7)
FNDA:1,(anonymous_8)
FNDA:1,(anonymous_9)
FNDA:1,(anonymous_10)
FNDA:0,(anonymous_11)
FNDA:24,TaskTile
DA:13,14
DA:14,14
DA:15,14
DA:17,14
DA:18,14
DA:20,14
DA:21,14
DA:22,14
DA:24,14
DA:25,7
DA:27,7
DA:28,1
DA:29,1
DA:30,1
DA:32,6
DA:33,6
DA:34,5
DA:39,5
DA:40,5
DA:41,5
DA:42,1
DA:43,1
DA:48,1
DA:49,1
DA:50,1
DA:52,0
DA:55,0
DA:57,6
DA:60,7
DA:61,7
DA:64,14
DA:65,14
DA:67,14
DA:68,7
DA:73,0
DA:83,7
DA:84,1
DA:90,0
DA:98,0
DA:109,6
DA:116,1
DA:135,1
DA:143,1
DA:151,1
DA:162,0
DA:171,24
LF:46
LH:40
BRDA:17,0,0,14
BRDA:17,0,1,2
BRDA:18,1,0,14
BRDA:18,1,1,2
BRDA:27,2,0,1
BRDA:27,2,1,6
BRDA:27,3,0,7
BRDA:27,3,1,6
BRDA:33,4,0,5
BRDA:33,4,1,1
BRDA:39,5,0,0
BRDA:39,5,1,5
BRDA:40,6,0,0
BRDA:40,6,1,5
BRDA:41,7,0,5
BRDA:41,7,1,0
BRDA:42,8,0,1
BRDA:42,8,1,0
BRDA:48,9,0,0
BRDA:48,9,1,1
BRDA:49,10,0,0
BRDA:49,10,1,1
BRDA:50,11,0,1
BRDA:50,11,1,0
BRDA:55,12,0,0
BRDA:55,12,1,0
BRDA:55,13,0,0
BRDA:55,13,1,0
BRDA:57,14,0,6
BRDA:57,14,1,0
BRDA:64,15,0,14
BRDA:64,15,1,2
BRDA:64,15,2,2
BRDA:67,16,0,7
BRDA:67,16,1,7
BRDA:83,17,0,1
BRDA:83,17,1,6
BRDA:121,18,0,5
BRDA:121,18,1,1
BRDA:123,19,0,14
BRDA:123,19,1,1
BRF:41
BRH:29
end_of_record
TN:
SF:src/tanasupport/pages/StocktakeTargetPage.jsx
FN:16,StocktakeTargetPage
FN:25,(anonymous_1)
FN:27,load
FN:48,(anonymous_3)
FN:53,openWarehouse
FN:56,openStaff
FN:61,(anonymous_6)
FN:61,(anonymous_7)
FN:78,(anonymous_8)
FN:85,(anonymous_9)
FN:95,(anonymous_10)
FN:112,(anonymous_11)
FN:117,(anonymous_12)
FN:139,(anonymous_13)
FN:146,(anonymous_14)
FNF:15
FNH:14
FNDA:13,StocktakeTargetPage
FNDA:6,(anonymous_1)
FNDA:6,load
FNDA:6,(anonymous_3)
FNDA:1,openWarehouse
FNDA:1,openStaff
FNDA:12,(anonymous_6)
FNDA:5,(anonymous_7)
FNDA:1,(anonymous_8)
FNDA:0,(anonymous_9)
FNDA:1,(anonymous_10)
FNDA:2,(anonymous_11)
FNDA:1,(anonymous_12)
FNDA:2,(anonymous_13)
FNDA:1,(anonymous_14)
DA:17,13
DA:18,13
DA:20,13
DA:21,13
DA:22,13
DA:23,13
DA:25,13
DA:26,6
DA:28,6
DA:29,6
DA:33,6
DA:42,6
DA:43,6
DA:44,6
DA:45,6
DA:47,6
DA:48,6
DA:54,1
DA:57,1
DA:60,13
DA:61,12
DA:65,13
DA:66,6
DA:71,7
DA:78,1
DA:85,0
DA:95,1
DA:113,2
DA:117,1
DA:140,2
DA:141,2
DA:146,1
LF:32
LH:31
BRDA:29,0,0,1
BRDA:29,0,1,5
BRDA:29,1,0,6
BRDA:29,1,1,1
BRDA:42,2,0,0
BRDA:42,2,1,6
BRDA:43,3,0,6
BRDA:43,3,1,0
BRDA:44,4,0,6
BRDA:44,4,1,0
BRDA:65,5,0,6
BRDA:65,5,1,7
BRDA:87,6,0,6
BRDA:87,6,1,1
BRDA:97,7,0,1
BRDA:97,7,1,6
BRDA:105,8,0,13
BRDA:105,8,1,6
BRDA:107,9,0,6
BRDA:107,9,1,5
BRDA:132,10,0,13
BRDA:132,10,1,1
BRDA:134,11,0,1
BRDA:134,11,1,0
BRDA:140,12,0,2
BRDA:140,12,1,2
BRDA:154,13,0,2
BRDA:154,13,1,1
BRDA:158,14,0,2
BRDA:158,14,1,2
BRF:30
BRH:26
end_of_record
TN:
SF:src/tanasupport/stocktake/StocktakeInput.jsx
FN:18,varianceClass
FN:25,borderClass
FN:32,PrizeCard
FN:45,(anonymous_3)
FN:63,(anonymous_4)
FN:64,(anonymous_5)
FN:91,StocktakeInput
FN:118,(anonymous_7)
FN:122,load
FN:127,(anonymous_9)
FN:145,(anonymous_10)
FN:149,(anonymous_11)
FN:149,(anonymous_12)
FN:153,(anonymous_13)
FN:154,(anonymous_14)
FN:155,(anonymous_15)
FN:159,getDraft
FN:165,handleOpenCard
FN:168,(anonymous_18)
FN:175,(anonymous_19)
FN:180,(anonymous_20)
FN:191,(anonymous_21)
FN:217,(anonymous_22)
FN:218,(anonymous_23)
FN:225,handleNumKey
FN:228,(anonymous_25)
FN:235,(anonymous_26)
FN:264,(anonymous_27)
FN:280,(anonymous_28)
FN:283,(anonymous_29)
FN:289,(anonymous_30)
FN:305,(anonymous_31)
FN:310,(anonymous_32)
FN:310,(anonymous_33)
FN:311,(anonymous_34)
FN:312,(anonymous_35)
FN:324,(anonymous_36)
FN:334,(anonymous_37)
FN:337,(anonymous_38)
FN:343,(anonymous_39)
FN:347,(anonymous_40)
FNF:41
FNH:15
FNDA:0,varianceClass
FNDA:2,borderClass
FNDA:2,PrizeCard
FNDA:0,(anonymous_3)
FNDA:0,(anonymous_4)
FNDA:0,(anonymous_5)
FNDA:4,StocktakeInput
FNDA:2,(anonymous_7)
FNDA:2,load
FNDA:2,(anonymous_9)
FNDA:2,(anonymous_10)
FNDA:4,(anonymous_11)
FNDA:2,(anonymous_12)
FNDA:4,(anonymous_13)
FNDA:2,(anonymous_14)
FNDA:0,(anonymous_15)
FNDA:2,getDraft
FNDA:0,handleOpenCard
FNDA:0,(anonymous_18)
FNDA:0,(anonymous_19)
FNDA:0,(anonymous_20)
FNDA:0,(anonymous_21)
FNDA:0,(anonymous_22)
FNDA:0,(anonymous_23)
FNDA:0,handleNumKey
FNDA:0,(anonymous_25)
FNDA:0,(anonymous_26)
FNDA:0,(anonymous_27)
FNDA:6,(anonymous_28)
FNDA:0,(anonymous_29)
FNDA:2,(anonymous_30)
FNDA:2,(anonymous_31)
FNDA:0,(anonymous_32)
FNDA:0,(anonymous_33)
FNDA:0,(anonymous_34)
FNDA:0,(anonymous_35)
FNDA:0,(anonymous_36)
FNDA:0,(anonymous_37)
FNDA:0,(anonymous_38)
FNDA:0,(anonymous_39)
FNDA:0,(anonymous_40)
DA:14,1
DA:15,1
DA:16,1
DA:19,0
DA:20,0
DA:21,0
DA:22,0
DA:26,2
DA:27,0
DA:28,0
DA:29,0
DA:33,2
DA:34,2
DA:35,2
DA:36,2
DA:37,2
DA:39,2
DA:45,0
DA:63,0
DA:64,0
DA:85,1
DA:92,4
DA:93,4
DA:94,4
DA:96,4
DA:97,4
DA:98,4
DA:99,4
DA:100,4
DA:101,4
DA:102,4
DA:104,4
DA:105,4
DA:106,4
DA:109,4
DA:110,4
DA:112,4
DA:113,4
DA:114,4
DA:115,4
DA:116,4
DA:118,4
DA:119,2
DA:120,2
DA:123,2
DA:124,2
DA:128,2
DA:131,2
DA:132,2
DA:133,2
DA:134,2
DA:136,2
DA:137,2
DA:139,0
DA:141,2
DA:144,2
DA:145,2
DA:148,4
DA:149,4
DA:153,4
DA:154,4
DA:155,0
DA:156,0
DA:160,2
DA:161,2
DA:162,2
DA:166,0
DA:167,0
DA:168,0
DA:169,0
DA:170,0
DA:171,0
DA:175,4
DA:176,0
DA:177,0
DA:178,0
DA:179,0
DA:180,0
DA:181,0
DA:182,0
DA:183,0
DA:185,0
DA:186,0
DA:189,0
DA:190,0
DA:191,0
DA:192,0
DA:193,0
DA:195,0
DA:206,0
DA:207,0
DA:208,0
DA:217,0
DA:218,0
DA:219,0
DA:221,0
DA:226,0
DA:227,0
DA:228,0
DA:229,0
DA:231,0
DA:232,0
DA:233,0
DA:235,0
DA:236,0
DA:237,0
DA:238,0
DA:242,4
DA:248,2
DA:254,2
DA:258,4
DA:264,0
DA:281,6
DA:283,0
DA:289,2
DA:306,2
DA:310,0
DA:311,0
DA:312,0
DA:324,0
DA:334,0
DA:337,0
DA:344,0
DA:347,0
LF:124
LH:61
BRDA:19,0,0,0
BRDA:19,0,1,0
BRDA:19,1,0,0
BRDA:19,1,1,0
BRDA:20,2,0,0
BRDA:20,2,1,0
BRDA:21,3,0,0
BRDA:21,3,1,0
BRDA:26,4,0,2
BRDA:26,4,1,0
BRDA:27,5,0,0
BRDA:27,5,1,0
BRDA:27,6,0,0
BRDA:27,6,1,0
BRDA:28,7,0,0
BRDA:28,7,1,0
BRDA:33,8,0,2
BRDA:33,8,1,0
BRDA:34,9,0,2
BRDA:34,9,1,0
BRDA:35,10,0,0
BRDA:35,10,1,2
BRDA:36,11,0,0
BRDA:36,11,1,2
BRDA:36,12,0,2
BRDA:36,12,1,0
BRDA:37,13,0,0
BRDA:37,13,1,2
BRDA:42,14,0,0
BRDA:42,14,1,2
BRDA:43,15,0,2
BRDA:43,15,1,0
BRDA:45,16,0,0
BRDA:45,16,1,0
BRDA:52,17,0,0
BRDA:52,17,1,2
BRDA:54,18,0,0
BRDA:54,18,1,2
BRDA:63,19,0,0
BRDA:63,19,1,0
BRDA:64,20,0,0
BRDA:64,20,1,0
BRDA:70,21,0,2
BRDA:70,21,1,0
BRDA:75,22,0,0
BRDA:75,22,1,0
BRDA:76,23,0,0
BRDA:76,23,1,0
BRDA:76,24,0,0
BRDA:76,24,1,0
BRDA:77,25,0,0
BRDA:77,25,1,0
BRDA:77,26,0,0
BRDA:77,26,1,0
BRDA:113,27,0,2
BRDA:113,27,1,2
BRDA:114,28,0,4
BRDA:114,28,1,4
BRDA:119,29,0,0
BRDA:119,29,1,2
BRDA:131,30,0,0
BRDA:131,30,1,2
BRDA:134,31,0,2
BRDA:134,31,1,0
BRDA:137,32,0,2
BRDA:137,32,1,0
BRDA:139,33,0,0
BRDA:139,33,1,0
BRDA:141,34,0,2
BRDA:141,34,1,0
BRDA:154,35,0,4
BRDA:154,35,1,0
BRDA:155,36,0,0
BRDA:155,36,1,0
BRDA:160,37,0,0
BRDA:160,37,1,2
BRDA:162,38,0,0
BRDA:162,38,1,2
BRDA:166,39,0,0
BRDA:166,39,1,0
BRDA:169,40,0,0
BRDA:169,40,1,0
BRDA:171,41,0,0
BRDA:171,41,1,0
BRDA:176,42,0,0
BRDA:176,42,1,0
BRDA:177,43,0,0
BRDA:177,43,1,0
BRDA:179,44,0,0
BRDA:179,44,1,0
BRDA:179,45,0,0
BRDA:179,45,1,0
BRDA:181,46,0,0
BRDA:181,46,1,0
BRDA:182,47,0,0
BRDA:182,47,1,0
BRDA:183,48,0,0
BRDA:183,48,1,0
BRDA:185,49,0,0
BRDA:185,49,1,0
BRDA:185,50,0,0
BRDA:185,50,1,0
BRDA:189,51,0,0
BRDA:189,51,1,0
BRDA:191,52,0,0
BRDA:191,52,1,0
BRDA:214,53,0,0
BRDA:214,53,1,0
BRDA:226,54,0,0
BRDA:226,54,1,0
BRDA:227,55,0,0
BRDA:227,55,1,0
BRDA:231,56,0,0
BRDA:231,56,1,0
BRDA:236,57,0,0
BRDA:236,57,1,0
BRDA:238,58,0,0
BRDA:238,58,1,0
BRDA:242,59,0,2
BRDA:242,59,1,2
BRDA:248,60,0,0
BRDA:248,60,1,2
BRDA:254,61,0,2
BRDA:254,61,1,0
BRDA:267,62,0,4
BRDA:267,62,1,0
BRDA:272,63,0,4
BRDA:272,63,1,2
BRDA:272,63,2,2
BRDA:285,64,0,2
BRDA:285,64,1,4
BRDA:289,65,0,6
BRDA:289,65,1,2
BRDA:290,66,0,6
BRDA:290,66,1,2
BRDA:297,67,0,0
BRDA:297,67,1,2
BRDA:299,68,0,0
BRDA:299,68,1,2
BRDA:301,69,0,0
BRDA:301,69,1,0
BRDA:332,70,0,4
BRDA:332,70,1,0
BRDA:337,71,0,0
BRDA:337,71,1,0
BRDA:340,72,0,0
BRDA:340,72,1,0
BRDA:350,73,0,0
BRDA:350,73,1,0
BRDA:351,74,0,0
BRDA:351,74,1,0
BRDA:359,75,0,0
BRDA:359,75,1,0
BRF:153
BRH:41
end_of_record
TN:
SF:src/tanasupport/stocktake/api.js
FN:12,getOrCreateMonthSession
FN:36,getLocationPrizes
FN:45,(anonymous_2)
FN:55,getOwnerItemsMap
FN:74,upsertItem
FN:96,getWarehouseLocations
FN:115,getMachineItems
FN:124,(anonymous_7)
FN:135,getStaffItems
FN:143,(anonymous_9)
FN:153,declareZero
FN:166,getZeroDeclaration
FN:180,getSessionSummary
FN:200,getAllSessions
FNF:14
FNH:1
FNDA:3,getOrCreateMonthSession
FNDA:0,getLocationPrizes
FNDA:0,(anonymous_2)
FNDA:0,getOwnerItemsMap
FNDA:0,upsertItem
FNDA:0,getWarehouseLocations
FNDA:0,getMachineItems
FNDA:0,(anonymous_7)
FNDA:0,getStaffItems
FNDA:0,(anonymous_9)
FNDA:0,declareZero
FNDA:0,getZeroDeclaration
FNDA:0,getSessionSummary
FNDA:0,getAllSessions
DA:6,1
DA:13,3
DA:14,3
DA:16,3
DA:22,3
DA:24,2
DA:29,2
DA:30,1
DA:37,0
DA:44,0
DA:45,0
DA:56,0
DA:62,0
DA:63,0
DA:64,0
DA:65,0
DA:67,0
DA:75,0
DA:90,0
DA:97,0
DA:104,0
DA:105,0
DA:116,0
DA:123,0
DA:124,0
DA:136,0
DA:142,0
DA:143,0
DA:154,0
DA:160,0
DA:167,0
DA:173,0
DA:181,0
DA:185,0
DA:186,0
DA:187,0
DA:188,0
DA:189,0
DA:191,0
DA:194,0
DA:201,0
DA:207,0
DA:208,0
LF:43
LH:8
BRDA:12,0,0,3
BRDA:22,1,0,1
BRDA:22,1,1,2
BRDA:29,2,0,1
BRDA:29,2,1,1
BRDA:44,3,0,0
BRDA:44,3,1,0
BRDA:45,4,0,0
BRDA:45,4,1,0
BRDA:47,5,0,0
BRDA:47,5,1,0
BRDA:48,6,0,0
BRDA:48,6,1,0
BRDA:62,7,0,0
BRDA:62,7,1,0
BRDA:64,8,0,0
BRDA:64,8,1,0
BRDA:84,9,0,0
BRDA:84,9,1,0
BRDA:85,10,0,0
BRDA:85,10,1,0
BRDA:90,11,0,0
BRDA:90,11,1,0
BRDA:104,12,0,0
BRDA:104,12,1,0
BRDA:105,13,0,0
BRDA:105,13,1,0
BRDA:123,14,0,0
BRDA:123,14,1,0
BRDA:124,15,0,0
BRDA:124,15,1,0
BRDA:127,16,0,0
BRDA:127,16,1,0
BRDA:128,17,0,0
BRDA:128,17,1,0
BRDA:142,18,0,0
BRDA:142,18,1,0
BRDA:143,19,0,0
BRDA:143,19,1,0
BRDA:145,20,0,0
BRDA:145,20,1,0
BRDA:160,21,0,0
BRDA:160,21,1,0
BRDA:173,22,0,0
BRDA:173,22,1,0
BRDA:185,23,0,0
BRDA:185,23,1,0
BRDA:187,24,0,0
BRDA:187,24,1,0
BRDA:188,25,0,0
BRDA:188,25,1,0
BRDA:189,26,0,0
BRDA:189,26,1,0
BRDA:191,27,0,0
BRDA:191,27,1,0
BRDA:191,28,0,0
BRDA:191,28,1,0
BRDA:200,29,0,0
BRDA:207,30,0,0
BRDA:207,30,1,0
BRDA:208,31,0,0
BRDA:208,31,1,0
BRF:62
BRH:5
end_of_record
TN:
SF:src/tanasupport/stocktake/stocktakeMonth.js
FN:5,isPastMonthEndJst
FN:11,(anonymous_1)
FNF:2
FNH:2
FNDA:4,isPastMonthEndJst
FNDA:8,(anonymous_1)
DA:6,4
DA:7,4
DA:8,4
DA:9,4
DA:10,4
DA:11,8
DA:12,4
DA:13,4
LF:8
LH:8
BRDA:6,0,0,0
BRDA:6,0,1,4
BRDA:9,1,0,0
BRDA:9,1,1,4
BRDA:9,2,0,4
BRDA:9,2,1,4
BRF:6
BRH:4
end_of_record
TN:
SF:src/utils/format.js
FN:3,fmtYen
FN:11,fmtNum
FN:19,fmtDiff
FN:24,fmtRate
FN:30,getDateOptions
FN:31,(anonymous_5)
FNF:6
FNH:4
FNDA:18,fmtYen
FNDA:10,fmtNum
FNDA:4,fmtDiff
FNDA:3,fmtRate
FNDA:0,getDateOptions
FNDA:0,(anonymous_5)
DA:4,18
DA:5,15
DA:6,18
DA:7,14
DA:8,18
DA:12,10
DA:13,8
DA:14,10
DA:15,7
DA:16,10
DA:20,4
DA:21,3
DA:25,3
DA:26,2
DA:31,0
DA:32,0
DA:33,0
DA:34,0
DA:35,0
LF:19
LH:14
BRDA:4,0,0,3
BRDA:4,0,1,15
BRDA:4,1,0,18
BRDA:4,1,1,16
BRDA:5,2,0,2
BRDA:5,2,1,13
BRDA:6,3,0,1
BRDA:6,3,1,17
BRDA:7,4,0,1
BRDA:7,4,1,13
BRDA:12,5,0,2
BRDA:12,5,1,8
BRDA:12,6,0,10
BRDA:12,6,1,9
BRDA:13,7,0,2
BRDA:13,7,1,6
BRDA:14,8,0,1
BRDA:14,8,1,9
BRDA:15,9,0,2
BRDA:15,9,1,5
BRDA:20,10,0,1
BRDA:20,10,1,3
BRDA:21,11,0,2
BRDA:21,11,1,1
BRDA:25,12,0,1
BRDA:25,12,1,2
BRDA:30,13,0,0
BRF:27
BRH:26
end_of_record
TN:
SF:src/utils/patrolAlerts.js
FN:7,detectAlerts
FN:23,(anonymous_1)
FN:44,(anonymous_2)
FNF:3
FNH:3
FNDA:12,detectAlerts
FNDA:12,(anonymous_1)
FNDA:1,(anonymous_2)
DA:5,1
DA:8,12
DA:9,11
DA:10,11
DA:11,11
DA:14,11
DA:15,10
DA:16,1
DA:17,9
DA:18,3
DA:23,11
DA:24,12
DA:26,12
DA:27,3
DA:30,12
DA:34,12
DA:35,7
DA:36,2
DA:37,5
DA:38,1
DA:44,12
DA:45,1
DA:46,0
LF:23
LH:22
BRDA:8,0,0,1
BRDA:8,0,1,11
BRDA:14,1,0,10
BRDA:14,1,1,1
BRDA:15,2,0,1
BRDA:15,2,1,9
BRDA:17,3,0,3
BRDA:17,3,1,6
BRDA:23,4,0,11
BRDA:23,4,1,0
BRDA:24,5,0,2
BRDA:24,5,1,10
BRDA:26,6,0,3
BRDA:26,6,1,9
BRDA:26,7,0,12
BRDA:26,7,1,12
BRDA:30,8,0,7
BRDA:30,8,1,5
BRDA:30,9,0,12
BRDA:30,9,1,11
BRDA:30,9,2,7
BRDA:34,10,0,7
BRDA:34,10,1,5
BRDA:35,11,0,2
BRDA:35,11,1,5
BRDA:37,12,0,1
BRDA:37,12,1,4
BRDA:45,13,0,1
BRDA:45,13,1,0
BRDA:46,14,0,0
BRDA:46,14,1,0
BRF:31
BRH:27
end_of_record
